2026-05-02 20:16:50,219 INFO o.a.j.u.JMeterUtils: Setting Locale to en_EN
2026-05-02 20:16:50,255 INFO o.a.j.JMeter: Loading user properties from: /usr/local/Cellar/jmeter/5.5/libexec/bin/user.properties
2026-05-02 20:16:50,256 INFO o.a.j.JMeter: Loading system properties from: /usr/local/Cellar/jmeter/5.5/libexec/bin/system.properties
2026-05-02 20:16:50,263 INFO o.a.j.JMeter: Copyright (c) 1998-2022 The Apache Software Foundation
2026-05-02 20:16:50,263 INFO o.a.j.JMeter: Version 5.5
2026-05-02 20:16:50,263 INFO o.a.j.JMeter: java.version=23.0.2
2026-05-02 20:16:50,263 INFO o.a.j.JMeter: java.vm.name=OpenJDK 64-Bit Server VM
2026-05-02 20:16:50,263 INFO o.a.j.JMeter: os.name=Mac OS X
2026-05-02 20:16:50,263 INFO o.a.j.JMeter: os.arch=x86_64
2026-05-02 20:16:50,263 INFO o.a.j.JMeter: os.version=13.7.5
2026-05-02 20:16:50,263 INFO o.a.j.JMeter: file.encoding=UTF-8
2026-05-02 20:16:50,264 INFO o.a.j.JMeter: java.awt.headless=null
2026-05-02 20:16:50,264 INFO o.a.j.JMeter: Max memory     =1073741824
2026-05-02 20:16:50,264 INFO o.a.j.JMeter: Available Processors =16
2026-05-02 20:16:50,277 INFO o.a.j.JMeter: Default Locale=English (EN)
2026-05-02 20:16:50,278 INFO o.a.j.JMeter: JMeter  Locale=English (EN)
2026-05-02 20:16:50,278 INFO o.a.j.JMeter: JMeterHome=/usr/local/Cellar/jmeter/5.5/libexec
2026-05-02 20:16:50,278 INFO o.a.j.JMeter: user.dir  =/Users/Project/Turing/JSReact/TuringReact13thBatch
2026-05-02 20:16:50,278 INFO o.a.j.JMeter: PWD       =/Users/Project/Turing/JSReact/TuringReact13thBatch
2026-05-02 20:16:50,279 INFO o.a.j.JMeter: IP: 192.168.99.203 Name: MacBooks-MacBook-Pro.local FullName: 192.168.99.203
2026-05-02 20:16:50,288 INFO o.a.j.JMeter: Loaded icon properties from org/apache/jmeter/images/icon.properties
2026-05-02 20:16:50,969 INFO o.a.j.JMeterGuiLauncher: Setting LAF to: com.github.weisj.darklaf.DarkLaf:com.github.weisj.darklaf.theme.DarculaTheme
2026-05-02 20:16:53,560 INFO o.j.r.JARSourceHTTP: Requesting https://jmeter-plugins.org/repo/?installID=mac_os_x-8d0f7af310408148957ee3aa57231c9d-gui
2026-05-02 20:16:56,190 INFO o.j.r.PluginManager: Plugins Status: [jpgc-plugins-manager=1.7, jmeter-core=5.5, jmeter-ftp=5.5, jmeter-http=5.5, jmeter-jdbc=5.5, jmeter-jms=5.5, jmeter-junit=5.5, jmeter-java=5.5, jmeter-ldap=5.5, jmeter-mail=5.5, jmeter-mongodb=5.5, jmeter-native=5.5, jmeter-tcp=5.5, jmeter-components=5.5]
2026-05-02 20:16:56,192 INFO o.j.r.PluginManagerMenuItem: Plugins Manager has upgrades: [jpgc-plugins-manager]
2026-05-02 20:17:27,222 INFO o.a.j.p.h.s.HTTPSamplerBase: Parser for text/html is org.apache.jmeter.protocol.http.parser.LagartoBasedHtmlParser
2026-05-02 20:17:27,223 INFO o.a.j.p.h.s.HTTPSamplerBase: Parser for application/xhtml+xml is org.apache.jmeter.protocol.http.parser.LagartoBasedHtmlParser
2026-05-02 20:17:27,223 INFO o.a.j.p.h.s.HTTPSamplerBase: Parser for application/xml is org.apache.jmeter.protocol.http.parser.LagartoBasedHtmlParser
2026-05-02 20:17:27,223 INFO o.a.j.p.h.s.HTTPSamplerBase: Parser for text/xml is org.apache.jmeter.protocol.http.parser.LagartoBasedHtmlParser
2026-05-02 20:17:27,223 INFO o.a.j.p.h.s.HTTPSamplerBase: Parser for text/vnd.wap.wml is org.apache.jmeter.protocol.http.parser.RegexpHTMLParser
2026-05-02 20:17:27,223 INFO o.a.j.p.h.s.HTTPSamplerBase: Parser for text/css is org.apache.jmeter.protocol.http.parser.CssParser
2026-05-02 20:18:37,512 INFO o.a.j.e.StandardJMeterEngine: Running the test!
2026-05-02 20:18:37,513 INFO o.a.j.s.SampleEvent: List of sample_variables: []
2026-05-02 20:18:37,513 INFO o.a.j.s.SampleEvent: List of sample_variables: []
2026-05-02 20:18:37,514 INFO o.a.j.e.u.CompoundVariable: Note: Function class names must contain the string: '.functions.'
2026-05-02 20:18:37,515 INFO o.a.j.e.u.CompoundVariable: Note: Function class names must not contain the string: '.gui.'
2026-05-02 20:18:37,555 INFO o.a.j.g.u.JMeterMenuBar: setRunning(true, *local*)
2026-05-02 20:18:37,593 INFO o.a.j.e.StandardJMeterEngine: Starting ThreadGroup: 1 : Thread Group
2026-05-02 20:18:37,593 INFO o.a.j.e.StandardJMeterEngine: Starting 100 threads for group Thread Group.
2026-05-02 20:18:37,594 INFO o.a.j.e.StandardJMeterEngine: Thread will continue on error
2026-05-02 20:18:37,594 INFO o.a.j.t.ThreadGroup: Starting thread group... number=1 threads=100 ramp-up=1 delayedStart=false
2026-05-02 20:18:37,596 INFO o.a.j.t.JMeterThread: Thread started: Thread Group 1-1
2026-05-02 20:18:37,605 INFO o.a.j.p.h.s.HTTPHCAbstractImpl: Local host = MacBooks-MacBook-Pro.local
2026-05-02 20:18:37,606 INFO o.a.j.t.JMeterThread: Thread started: Thread Group 1-2
2026-05-02 20:18:37,613 INFO o.a.j.p.h.s.HTTPHC4Impl: HTTP request retry count = 0
2026-05-02 20:18:37,614 INFO o.a.j.s.SampleResult: Note: Sample TimeStamps are START times
2026-05-02 20:18:37,614 INFO o.a.j.s.SampleResult: sampleresult.default.encoding is set to ISO-8859-1
2026-05-02 20:18:37,614 INFO o.a.j.s.SampleResult: sampleresult.useNanoTime=true
2026-05-02 20:18:37,614 INFO o.a.j.s.SampleResult: sampleresult.nanoThreadSleep=5000
2026-05-02 20:18:37,615 INFO o.a.j.t.ThreadGroup: Started thread group number 1
2026-05-02 20:18:37,615 INFO o.a.j.e.StandardJMeterEngine: All thread groups have been started
2026-05-02 20:18:37,614 INFO o.a.j.t.JMeterThread: Thread started: Thread Group 1-3
2026-05-02 20:18:37,626 INFO o.a.j.t.JMeterThread: Thread started: Thread Group 1-4
2026-05-02 20:18:37,635 INFO o.a.j.t.JMeterThread: Thread started: Thread Group 1-5
2026-05-02 20:18:37,649 INFO o.a.j.t.JMeterThread: Thread started: Thread Group 1-6
2026-05-02 20:18:37,659 INFO o.a.j.t.JMeterThread: Thread started: Thread Group 1-7
2026-05-02 20:18:37,668 INFO o.a.j.t.JMeterThread: Thread started: Thread Group 1-8
2026-05-02 20:18:37,676 INFO o.a.j.t.JMeterThread: Thread started: Thread Group 1-9
2026-05-02 20:18:37,689 INFO o.a.j.t.JMeterThread: Thread started: Thread Group 1-10
2026-05-02 20:18:37,689 INFO o.a.j.t.JMeterThread: Thread is done: Thread Group 1-8
2026-05-02 20:18:37,689 INFO o.a.j.t.JMeterThread: Thread is done: Thread Group 1-7
2026-05-02 20:18:37,689 INFO o.a.j.t.JMeterThread: Thread finished: Thread Group 1-8
2026-05-02 20:18:37,689 INFO o.a.j.t.JMeterThread: Thread finished: Thread Group 1-7
2026-05-02 20:18:37,691 INFO o.a.j.t.JMeterThread: Thread is done: Thread Group 1-4
2026-05-02 20:18:37,691 INFO o.a.j.t.JMeterThread: Thread finished: Thread Group 1-4
2026-05-02 20:18:37,693 INFO o.a.j.t.JMeterThread: Thread is done: Thread Group 1-2
2026-05-02 20:18:37,693 INFO o.a.j.t.JMeterThread: Thread finished: Thread Group 1-2
2026-05-02 20:18:37,696 INFO o.a.j.t.JMeterThread: Thread is done: Thread Group 1-3
2026-05-02 20:18:37,696 INFO o.a.j.t.JMeterThread: Thread finished: Thread Group 1-3
2026-05-02 20:18:37,698 INFO o.a.j.t.JMeterThread: Thread started: Thread Group 1-11
2026-05-02 20:18:37,698 INFO o.a.j.t.JMeterThread: Thread is done: Thread Group 1-5
2026-05-02 20:18:37,699 INFO o.a.j.t.JMeterThread: Thread finished: Thread Group 1-5
2026-05-02 20:18:37,701 INFO o.a.j.t.JMeterThread: Thread is done: Thread Group 1-6
2026-05-02 20:18:37,701 INFO o.a.j.t.JMeterThread: Thread finished: Thread Group 1-6
2026-05-02 20:18:37,703 INFO o.a.j.t.JMeterThread: Thread is done: Thread Group 1-1
2026-05-02 20:18:37,704 INFO o.a.j.t.JMeterThread: Thread finished: Thread Group 1-1
2026-05-02 20:18:37,706 INFO o.a.j.t.JMeterThread: Thread is done: Thread Group 1-9
2026-05-02 20:18:37,707 INFO o.a.j.t.JMeterThread: Thread finished: Thread Group 1-9
2026-05-02 20:18:37,706 INFO o.a.j.t.JMeterThread: Thread started: Thread Group 1-12
2026-05-02 20:18:37,711 INFO o.a.j.t.JMeterThread: Thread is done: Thread Group 1-10
2026-05-02 20:18:37,712 INFO o.a.j.t.JMeterThread: Thread finished: Thread Group 1-10
2026-05-02 20:18:37,715 INFO o.a.j.t.JMeterThread: Thread is done: Thread Group 1-11
2026-05-02 20:18:37,715 INFO o.a.j.t.JMeterThread: Thread finished: Thread Group 1-11
2026-05-02 20:18:37,718 INFO o.a.j.t.JMeterThread: Thread started: Thread Group 1-13
2026-05-02 20:18:37,726 INFO o.a.j.t.JMeterThread: Thread is done: Thread Group 1-12
2026-05-02 20:18:37,727 INFO o.a.j.t.JMeterThread: Thread finished: Thread Group 1-12
2026-05-02 20:18:37,729 INFO o.a.j.t.JMeterThread: Thread started: Thread Group 1-14
2026-05-02 20:18:37,738 INFO o.a.j.t.JMeterThread: Thread started: Thread Group 1-15
2026-05-02 20:18:37,738 INFO o.a.j.t.JMeterThread: Thread is done: Thread Group 1-13
2026-05-02 20:18:37,738 INFO o.a.j.t.JMeterThread: Thread finished: Thread Group 1-13
2026-05-02 20:18:37,745 INFO o.a.j.t.JMeterThread: Thread is done: Thread Group 1-14
2026-05-02 20:18:37,745 INFO o.a.j.t.JMeterThread: Thread finished: Thread Group 1-14
2026-05-02 20:18:37,749 INFO o.a.j.t.JMeterThread: Thread started: Thread Group 1-16
2026-05-02 20:18:37,754 INFO o.a.j.t.JMeterThread: Thread is done: Thread Group 1-15
2026-05-02 20:18:37,754 INFO o.a.j.t.JMeterThread: Thread finished: Thread Group 1-15
2026-05-02 20:18:37,759 INFO o.a.j.t.JMeterThread: Thread started: Thread Group 1-17
2026-05-02 20:18:37,766 INFO o.a.j.t.JMeterThread: Thread is done: Thread Group 1-16
2026-05-02 20:18:37,766 INFO o.a.j.t.JMeterThread: Thread finished: Thread Group 1-16
2026-05-02 20:18:37,769 INFO o.a.j.t.JMeterThread: Thread started: Thread Group 1-18
2026-05-02 20:18:37,774 INFO o.a.j.t.JMeterThread: Thread is done: Thread Group 1-17
2026-05-02 20:18:37,774 INFO o.a.j.t.JMeterThread: Thread finished: Thread Group 1-17
2026-05-02 20:18:37,779 INFO o.a.j.t.JMeterThread: Thread started: Thread Group 1-19
2026-05-02 20:18:37,785 INFO o.a.j.t.JMeterThread: Thread is done: Thread Group 1-18
2026-05-02 20:18:37,785 INFO o.a.j.t.JMeterThread: Thread finished: Thread Group 1-18
2026-05-02 20:18:37,789 INFO o.a.j.t.JMeterThread: Thread started: Thread Group 1-20
2026-05-02 20:18:37,797 INFO o.a.j.t.JMeterThread: Thread is done: Thread Group 1-19
2026-05-02 20:18:37,797 INFO o.a.j.t.JMeterThread: Thread finished: Thread Group 1-19
2026-05-02 20:18:37,799 INFO o.a.j.t.JMeterThread: Thread started: Thread Group 1-21
2026-05-02 20:18:37,804 INFO o.a.j.t.JMeterThread: Thread is done: Thread Group 1-20
2026-05-02 20:18:37,804 INFO o.a.j.t.JMeterThread: Thread finished: Thread Group 1-20
2026-05-02 20:18:37,809 INFO o.a.j.t.JMeterThread: Thread started: Thread Group 1-22
2026-05-02 20:18:37,815 INFO o.a.j.t.JMeterThread: Thread started: Thread Group 1-23
2026-05-02 20:18:37,818 INFO o.a.j.t.JMeterThread: Thread is done: Thread Group 1-21
2026-05-02 20:18:37,818 INFO o.a.j.t.JMeterThread: Thread finished: Thread Group 1-21
2026-05-02 20:18:37,826 INFO o.a.j.t.JMeterThread: Thread is done: Thread Group 1-22
2026-05-02 20:18:37,827 INFO o.a.j.t.JMeterThread: Thread finished: Thread Group 1-22
2026-05-02 20:18:37,829 INFO o.a.j.t.JMeterThread: Thread started: Thread Group 1-24
2026-05-02 20:18:37,831 INFO o.a.j.t.JMeterThread: Thread is done: Thread Group 1-23
2026-05-02 20:18:37,832 INFO o.a.j.t.JMeterThread: Thread finished: Thread Group 1-23
2026-05-02 20:18:37,839 INFO o.a.j.t.JMeterThread: Thread started: Thread Group 1-25
2026-05-02 20:18:37,845 INFO o.a.j.t.JMeterThread: Thread started: Thread Group 1-26
2026-05-02 20:18:37,850 INFO o.a.j.t.JMeterThread: Thread is done: Thread Group 1-24
2026-05-02 20:18:37,850 INFO o.a.j.t.JMeterThread: Thread finished: Thread Group 1-24
2026-05-02 20:18:37,856 INFO o.a.j.t.JMeterThread: Thread started: Thread Group 1-27
2026-05-02 20:18:37,858 INFO o.a.j.t.JMeterThread: Thread is done: Thread Group 1-25
2026-05-02 20:18:37,858 INFO o.a.j.t.JMeterThread: Thread finished: Thread Group 1-25
2026-05-02 20:18:37,864 INFO o.a.j.t.JMeterThread: Thread is done: Thread Group 1-26
2026-05-02 20:18:37,865 INFO o.a.j.t.JMeterThread: Thread finished: Thread Group 1-26
2026-05-02 20:18:37,869 INFO o.a.j.t.JMeterThread: Thread started: Thread Group 1-28
2026-05-02 20:18:37,872 INFO o.a.j.t.JMeterThread: Thread is done: Thread Group 1-27
2026-05-02 20:18:37,872 INFO o.a.j.t.JMeterThread: Thread finished: Thread Group 1-27
2026-05-02 20:18:37,878 INFO o.a.j.t.JMeterThread: Thread started: Thread Group 1-29
2026-05-02 20:18:37,885 INFO o.a.j.t.JMeterThread: Thread is done: Thread Group 1-28
2026-05-02 20:18:37,886 INFO o.a.j.t.JMeterThread: Thread finished: Thread Group 1-28
2026-05-02 20:18:37,888 INFO o.a.j.t.JMeterThread: Thread started: Thread Group 1-30
2026-05-02 20:18:37,896 INFO o.a.j.t.JMeterThread: Thread is done: Thread Group 1-29
2026-05-02 20:18:37,896 INFO o.a.j.t.JMeterThread: Thread finished: Thread Group 1-29
2026-05-02 20:18:37,899 INFO o.a.j.t.JMeterThread: Thread started: Thread Group 1-31
2026-05-02 20:18:37,902 INFO o.a.j.t.JMeterThread: Thread is done: Thread Group 1-30
2026-05-02 20:18:37,903 INFO o.a.j.t.JMeterThread: Thread finished: Thread Group 1-30
2026-05-02 20:18:37,908 INFO o.a.j.t.JMeterThread: Thread started: Thread Group 1-32
2026-05-02 20:18:37,916 INFO o.a.j.t.JMeterThread: Thread is done: Thread Group 1-31
2026-05-02 20:18:37,916 INFO o.a.j.t.JMeterThread: Thread finished: Thread Group 1-31
2026-05-02 20:18:37,919 INFO o.a.j.t.JMeterThread: Thread started: Thread Group 1-33
2026-05-02 20:18:37,925 INFO o.a.j.t.JMeterThread: Thread is done: Thread Group 1-32
2026-05-02 20:18:37,925 INFO o.a.j.t.JMeterThread: Thread finished: Thread Group 1-32
2026-05-02 20:18:37,929 INFO o.a.j.t.JMeterThread: Thread started: Thread Group 1-34
2026-05-02 20:18:37,934 INFO o.a.j.t.JMeterThread: Thread is done: Thread Group 1-33
2026-05-02 20:18:37,934 INFO o.a.j.t.JMeterThread: Thread finished: Thread Group 1-33
2026-05-02 20:18:37,939 INFO o.a.j.t.JMeterThread: Thread started: Thread Group 1-35
2026-05-02 20:18:37,943 INFO o.a.j.t.JMeterThread: Thread is done: Thread Group 1-34
2026-05-02 20:18:37,944 INFO o.a.j.t.JMeterThread: Thread finished: Thread Group 1-34
2026-05-02 20:18:37,950 INFO o.a.j.t.JMeterThread: Thread started: Thread Group 1-36
2026-05-02 20:18:37,959 INFO o.a.j.t.JMeterThread: Thread started: Thread Group 1-37
2026-05-02 20:18:37,968 INFO o.a.j.t.JMeterThread: Thread started: Thread Group 1-38
2026-05-02 20:18:37,977 INFO o.a.j.t.JMeterThread: Thread started: Thread Group 1-39
2026-05-02 20:18:37,989 INFO o.a.j.t.JMeterThread: Thread started: Thread Group 1-40
2026-05-02 20:18:37,999 INFO o.a.j.t.JMeterThread: Thread started: Thread Group 1-41
2026-05-02 20:18:38,009 INFO o.a.j.t.JMeterThread: Thread started: Thread Group 1-42
2026-05-02 20:18:38,019 INFO o.a.j.t.JMeterThread: Thread is done: Thread Group 1-36
2026-05-02 20:18:38,019 INFO o.a.j.t.JMeterThread: Thread is done: Thread Group 1-38
2026-05-02 20:18:38,019 INFO o.a.j.t.JMeterThread: Thread is done: Thread Group 1-41
2026-05-02 20:18:38,019 INFO o.a.j.t.JMeterThread: Thread is done: Thread Group 1-39
2026-05-02 20:18:38,019 INFO o.a.j.t.JMeterThread: Thread is done: Thread Group 1-37
2026-05-02 20:18:38,019 INFO o.a.j.t.JMeterThread: Thread finished: Thread Group 1-39
2026-05-02 20:18:38,019 INFO o.a.j.t.JMeterThread: Thread is done: Thread Group 1-40
2026-05-02 20:18:38,019 INFO o.a.j.t.JMeterThread: Thread finished: Thread Group 1-37
2026-05-02 20:18:38,019 INFO o.a.j.t.JMeterThread: Thread is done: Thread Group 1-35
2026-05-02 20:18:38,020 INFO o.a.j.t.JMeterThread: Thread finished: Thread Group 1-41
2026-05-02 20:18:38,019 INFO o.a.j.t.JMeterThread: Thread finished: Thread Group 1-38
2026-05-02 20:18:38,020 INFO o.a.j.t.JMeterThread: Thread finished: Thread Group 1-40
2026-05-02 20:18:38,020 INFO o.a.j.t.JMeterThread: Thread finished: Thread Group 1-36
2026-05-02 20:18:38,019 INFO o.a.j.t.JMeterThread: Thread started: Thread Group 1-43
2026-05-02 20:18:38,020 INFO o.a.j.t.JMeterThread: Thread finished: Thread Group 1-35
2026-05-02 20:18:38,020 INFO o.a.j.t.JMeterThread: Thread is done: Thread Group 1-42
2026-05-02 20:18:38,020 INFO o.a.j.t.JMeterThread: Thread finished: Thread Group 1-42
2026-05-02 20:18:38,026 INFO o.a.j.t.JMeterThread: Thread started: Thread Group 1-44
2026-05-02 20:18:38,031 INFO o.a.j.t.JMeterThread: Thread is done: Thread Group 1-43
2026-05-02 20:18:38,031 INFO o.a.j.t.JMeterThread: Thread finished: Thread Group 1-43
2026-05-02 20:18:38,036 INFO o.a.j.t.JMeterThread: Thread is done: Thread Group 1-44
2026-05-02 20:18:38,036 INFO o.a.j.t.JMeterThread: Thread finished: Thread Group 1-44
2026-05-02 20:18:38,036 INFO o.a.j.t.JMeterThread: Thread started: Thread Group 1-45
2026-05-02 20:18:38,044 INFO o.a.j.t.JMeterThread: Thread is done: Thread Group 1-45
2026-05-02 20:18:38,044 INFO o.a.j.t.JMeterThread: Thread finished: Thread Group 1-45
2026-05-02 20:18:38,047 INFO o.a.j.t.JMeterThread: Thread started: Thread Group 1-46
2026-05-02 20:18:38,056 INFO o.a.j.t.JMeterThread: Thread is done: Thread Group 1-46
2026-05-02 20:18:38,057 INFO o.a.j.t.JMeterThread: Thread finished: Thread Group 1-46
2026-05-02 20:18:38,057 INFO o.a.j.t.JMeterThread: Thread started: Thread Group 1-47
2026-05-02 20:18:38,067 INFO o.a.j.t.JMeterThread: Thread is done: Thread Group 1-47
2026-05-02 20:18:38,067 INFO o.a.j.t.JMeterThread: Thread finished: Thread Group 1-47
2026-05-02 20:18:38,068 INFO o.a.j.t.JMeterThread: Thread started: Thread Group 1-48
2026-05-02 20:18:38,077 INFO o.a.j.t.JMeterThread: Thread is done: Thread Group 1-48
2026-05-02 20:18:38,077 INFO o.a.j.t.JMeterThread: Thread finished: Thread Group 1-48
2026-05-02 20:18:38,079 INFO o.a.j.t.JMeterThread: Thread started: Thread Group 1-49
2026-05-02 20:18:38,088 INFO o.a.j.t.JMeterThread: Thread started: Thread Group 1-50
2026-05-02 20:18:38,089 INFO o.a.j.t.JMeterThread: Thread is done: Thread Group 1-49
2026-05-02 20:18:38,089 INFO o.a.j.t.JMeterThread: Thread finished: Thread Group 1-49
2026-05-02 20:18:38,095 INFO o.a.j.t.JMeterThread: Thread started: Thread Group 1-51
2026-05-02 20:18:38,098 INFO o.a.j.t.JMeterThread: Thread is done: Thread Group 1-50
2026-05-02 20:18:38,098 INFO o.a.j.t.JMeterThread: Thread finished: Thread Group 1-50
2026-05-02 20:18:38,108 INFO o.a.j.t.JMeterThread: Thread is done: Thread Group 1-51
2026-05-02 20:18:38,108 INFO o.a.j.t.JMeterThread: Thread finished: Thread Group 1-51
2026-05-02 20:18:38,110 INFO o.a.j.t.JMeterThread: Thread started: Thread Group 1-52
2026-05-02 20:18:38,118 INFO o.a.j.t.JMeterThread: Thread started: Thread Group 1-53
2026-05-02 20:18:38,124 INFO o.a.j.t.JMeterThread: Thread started: Thread Group 1-54
2026-05-02 20:18:38,125 INFO o.a.j.t.JMeterThread: Thread is done: Thread Group 1-52
2026-05-02 20:18:38,125 INFO o.a.j.t.JMeterThread: Thread finished: Thread Group 1-52
2026-05-02 20:18:38,130 INFO o.a.j.t.JMeterThread: Thread is done: Thread Group 1-53
2026-05-02 20:18:38,130 INFO o.a.j.t.JMeterThread: Thread finished: Thread Group 1-53
2026-05-02 20:18:38,135 INFO o.a.j.t.JMeterThread: Thread is done: Thread Group 1-54
2026-05-02 20:18:38,135 INFO o.a.j.t.JMeterThread: Thread finished: Thread Group 1-54
2026-05-02 20:18:38,137 INFO o.a.j.t.JMeterThread: Thread started: Thread Group 1-55
2026-05-02 20:18:38,147 INFO o.a.j.t.JMeterThread: Thread is done: Thread Group 1-55
2026-05-02 20:18:38,147 INFO o.a.j.t.JMeterThread: Thread finished: Thread Group 1-55
2026-05-02 20:18:38,148 INFO o.a.j.t.JMeterThread: Thread started: Thread Group 1-56
2026-05-02 20:18:38,156 INFO o.a.j.t.JMeterThread: Thread started: Thread Group 1-57
2026-05-02 20:18:38,159 INFO o.a.j.t.JMeterThread: Thread is done: Thread Group 1-56
2026-05-02 20:18:38,159 INFO o.a.j.t.JMeterThread: Thread finished: Thread Group 1-56
2026-05-02 20:18:38,164 INFO o.a.j.t.JMeterThread: Thread started: Thread Group 1-58
2026-05-02 20:18:38,166 INFO o.a.j.t.JMeterThread: Thread is done: Thread Group 1-57
2026-05-02 20:18:38,166 INFO o.a.j.t.JMeterThread: Thread finished: Thread Group 1-57
2026-05-02 20:18:38,174 INFO o.a.j.t.JMeterThread: Thread is done: Thread Group 1-58
2026-05-02 20:18:38,174 INFO o.a.j.t.JMeterThread: Thread finished: Thread Group 1-58
2026-05-02 20:18:38,176 INFO o.a.j.t.JMeterThread: Thread started: Thread Group 1-59
2026-05-02 20:18:38,186 INFO o.a.j.t.JMeterThread: Thread is done: Thread Group 1-59
2026-05-02 20:18:38,186 INFO o.a.j.t.JMeterThread: Thread finished: Thread Group 1-59
2026-05-02 20:18:38,188 INFO o.a.j.t.JMeterThread: Thread started: Thread Group 1-60
2026-05-02 20:18:38,197 INFO o.a.j.t.JMeterThread: Thread is done: Thread Group 1-60
2026-05-02 20:18:38,197 INFO o.a.j.t.JMeterThread: Thread finished: Thread Group 1-60
2026-05-02 20:18:38,199 INFO o.a.j.t.JMeterThread: Thread started: Thread Group 1-61
2026-05-02 20:18:38,209 INFO o.a.j.t.JMeterThread: Thread started: Thread Group 1-62
2026-05-02 20:18:38,210 INFO o.a.j.t.JMeterThread: Thread is done: Thread Group 1-61
2026-05-02 20:18:38,211 INFO o.a.j.t.JMeterThread: Thread finished: Thread Group 1-61
2026-05-02 20:18:38,218 INFO o.a.j.t.JMeterThread: Thread started: Thread Group 1-63
2026-05-02 20:18:38,222 INFO o.a.j.t.JMeterThread: Thread is done: Thread Group 1-62
2026-05-02 20:18:38,222 INFO o.a.j.t.JMeterThread: Thread finished: Thread Group 1-62
2026-05-02 20:18:38,228 INFO o.a.j.t.JMeterThread: Thread started: Thread Group 1-64
2026-05-02 20:18:38,228 INFO o.a.j.t.JMeterThread: Thread is done: Thread Group 1-63
2026-05-02 20:18:38,228 INFO o.a.j.t.JMeterThread: Thread finished: Thread Group 1-63
2026-05-02 20:18:38,239 INFO o.a.j.t.JMeterThread: Thread started: Thread Group 1-65
2026-05-02 20:18:38,239 INFO o.a.j.t.JMeterThread: Thread is done: Thread Group 1-64
2026-05-02 20:18:38,239 INFO o.a.j.t.JMeterThread: Thread finished: Thread Group 1-64
2026-05-02 20:18:38,249 INFO o.a.j.t.JMeterThread: Thread started: Thread Group 1-66
2026-05-02 20:18:38,251 INFO o.a.j.t.JMeterThread: Thread is done: Thread Group 1-65
2026-05-02 20:18:38,252 INFO o.a.j.t.JMeterThread: Thread finished: Thread Group 1-65
2026-05-02 20:18:38,256 INFO o.a.j.t.JMeterThread: Thread started: Thread Group 1-67
2026-05-02 20:18:38,260 INFO o.a.j.t.JMeterThread: Thread is done: Thread Group 1-66
2026-05-02 20:18:38,260 INFO o.a.j.t.JMeterThread: Thread finished: Thread Group 1-66
2026-05-02 20:18:38,265 INFO o.a.j.t.JMeterThread: Thread is done: Thread Group 1-67
2026-05-02 20:18:38,265 INFO o.a.j.t.JMeterThread: Thread finished: Thread Group 1-67
2026-05-02 20:18:38,268 INFO o.a.j.t.JMeterThread: Thread started: Thread Group 1-68
2026-05-02 20:18:38,275 INFO o.a.j.t.JMeterThread: Thread started: Thread Group 1-69
2026-05-02 20:18:38,278 INFO o.a.j.t.JMeterThread: Thread is done: Thread Group 1-68
2026-05-02 20:18:38,278 INFO o.a.j.t.JMeterThread: Thread finished: Thread Group 1-68
2026-05-02 20:18:38,285 INFO o.a.j.t.JMeterThread: Thread is done: Thread Group 1-69
2026-05-02 20:18:38,285 INFO o.a.j.t.JMeterThread: Thread finished: Thread Group 1-69
2026-05-02 20:18:38,287 INFO o.a.j.t.JMeterThread: Thread started: Thread Group 1-70
2026-05-02 20:18:38,295 INFO o.a.j.t.JMeterThread: Thread started: Thread Group 1-71
2026-05-02 20:18:38,296 INFO o.a.j.t.JMeterThread: Thread is done: Thread Group 1-70
2026-05-02 20:18:38,296 INFO o.a.j.t.JMeterThread: Thread finished: Thread Group 1-70
2026-05-02 20:18:38,305 INFO o.a.j.t.JMeterThread: Thread is done: Thread Group 1-71
2026-05-02 20:18:38,305 INFO o.a.j.t.JMeterThread: Thread finished: Thread Group 1-71
2026-05-02 20:18:38,306 INFO o.a.j.t.JMeterThread: Thread started: Thread Group 1-72
2026-05-02 20:18:38,316 INFO o.a.j.t.JMeterThread: Thread is done: Thread Group 1-72
2026-05-02 20:18:38,316 INFO o.a.j.t.JMeterThread: Thread finished: Thread Group 1-72
2026-05-02 20:18:38,318 INFO o.a.j.t.JMeterThread: Thread started: Thread Group 1-73
2026-05-02 20:18:38,328 INFO o.a.j.t.JMeterThread: Thread started: Thread Group 1-74
2026-05-02 20:18:38,331 INFO o.a.j.t.JMeterThread: Thread is done: Thread Group 1-73
2026-05-02 20:18:38,332 INFO o.a.j.t.JMeterThread: Thread finished: Thread Group 1-73
2026-05-02 20:18:38,335 INFO o.a.j.t.JMeterThread: Thread started: Thread Group 1-75
2026-05-02 20:18:38,342 INFO o.a.j.t.JMeterThread: Thread is done: Thread Group 1-74
2026-05-02 20:18:38,343 INFO o.a.j.t.JMeterThread: Thread finished: Thread Group 1-74
2026-05-02 20:18:38,345 INFO o.a.j.t.JMeterThread: Thread started: Thread Group 1-76
2026-05-02 20:18:38,349 INFO o.a.j.t.JMeterThread: Thread is done: Thread Group 1-75
2026-05-02 20:18:38,350 INFO o.a.j.t.JMeterThread: Thread finished: Thread Group 1-75
2026-05-02 20:18:38,359 INFO o.a.j.t.JMeterThread: Thread is done: Thread Group 1-76
2026-05-02 20:18:38,359 INFO o.a.j.t.JMeterThread: Thread finished: Thread Group 1-76
2026-05-02 20:18:38,359 INFO o.a.j.t.JMeterThread: Thread started: Thread Group 1-77
2026-05-02 20:18:38,368 INFO o.a.j.t.JMeterThread: Thread started: Thread Group 1-78
2026-05-02 20:18:38,371 INFO o.a.j.t.JMeterThread: Thread is done: Thread Group 1-77
2026-05-02 20:18:38,371 INFO o.a.j.t.JMeterThread: Thread finished: Thread Group 1-77
2026-05-02 20:18:38,377 INFO o.a.j.t.JMeterThread: Thread started: Thread Group 1-79
2026-05-02 20:18:38,381 INFO o.a.j.t.JMeterThread: Thread is done: Thread Group 1-78
2026-05-02 20:18:38,381 INFO o.a.j.t.JMeterThread: Thread finished: Thread Group 1-78
2026-05-02 20:18:38,385 INFO o.a.j.t.JMeterThread: Thread started: Thread Group 1-80
2026-05-02 20:18:38,391 INFO o.a.j.t.JMeterThread: Thread is done: Thread Group 1-79
2026-05-02 20:18:38,391 INFO o.a.j.t.JMeterThread: Thread finished: Thread Group 1-79
2026-05-02 20:18:38,399 INFO o.a.j.t.JMeterThread: Thread started: Thread Group 1-81
2026-05-02 20:18:38,406 INFO o.a.j.t.JMeterThread: Thread started: Thread Group 1-82
2026-05-02 20:18:38,414 INFO o.a.j.t.JMeterThread: Thread started: Thread Group 1-83
2026-05-02 20:18:38,426 INFO o.a.j.t.JMeterThread: Thread started: Thread Group 1-84
2026-05-02 20:18:38,437 INFO o.a.j.t.JMeterThread: Thread started: Thread Group 1-85
2026-05-02 20:18:38,443 INFO o.a.j.t.JMeterThread: Thread is done: Thread Group 1-80
2026-05-02 20:18:38,444 INFO o.a.j.t.JMeterThread: Thread finished: Thread Group 1-80
2026-05-02 20:18:38,447 INFO o.a.j.t.JMeterThread: Thread is done: Thread Group 1-85
2026-05-02 20:18:38,447 INFO o.a.j.t.JMeterThread: Thread is done: Thread Group 1-82
2026-05-02 20:18:38,447 INFO o.a.j.t.JMeterThread: Thread is done: Thread Group 1-83
2026-05-02 20:18:38,447 INFO o.a.j.t.JMeterThread: Thread finished: Thread Group 1-85
2026-05-02 20:18:38,447 INFO o.a.j.t.JMeterThread: Thread is done: Thread Group 1-84
2026-05-02 20:18:38,447 INFO o.a.j.t.JMeterThread: Thread is done: Thread Group 1-81
2026-05-02 20:18:38,448 INFO o.a.j.t.JMeterThread: Thread finished: Thread Group 1-84
2026-05-02 20:18:38,447 INFO o.a.j.t.JMeterThread: Thread finished: Thread Group 1-82
2026-05-02 20:18:38,448 INFO o.a.j.t.JMeterThread: Thread finished: Thread Group 1-81
2026-05-02 20:18:38,448 INFO o.a.j.t.JMeterThread: Thread finished: Thread Group 1-83
2026-05-02 20:18:38,448 INFO o.a.j.t.JMeterThread: Thread started: Thread Group 1-86
2026-05-02 20:18:38,458 INFO o.a.j.t.JMeterThread: Thread is done: Thread Group 1-86
2026-05-02 20:18:38,458 INFO o.a.j.t.JMeterThread: Thread finished: Thread Group 1-86
2026-05-02 20:18:38,459 INFO o.a.j.t.JMeterThread: Thread started: Thread Group 1-87
2026-05-02 20:18:38,468 INFO o.a.j.t.JMeterThread: Thread is done: Thread Group 1-87
2026-05-02 20:18:38,469 INFO o.a.j.t.JMeterThread: Thread finished: Thread Group 1-87
2026-05-02 20:18:38,469 INFO o.a.j.t.JMeterThread: Thread started: Thread Group 1-88
2026-05-02 20:18:38,476 INFO o.a.j.t.JMeterThread: Thread started: Thread Group 1-89
2026-05-02 20:18:38,480 INFO o.a.j.t.JMeterThread: Thread is done: Thread Group 1-88
2026-05-02 20:18:38,481 INFO o.a.j.t.JMeterThread: Thread finished: Thread Group 1-88
2026-05-02 20:18:38,487 INFO o.a.j.t.JMeterThread: Thread started: Thread Group 1-90
2026-05-02 20:18:38,487 INFO o.a.j.t.JMeterThread: Thread is done: Thread Group 1-89
2026-05-02 20:18:38,487 INFO o.a.j.t.JMeterThread: Thread finished: Thread Group 1-89
2026-05-02 20:18:38,494 INFO o.a.j.t.JMeterThread: Thread started: Thread Group 1-91
2026-05-02 20:18:38,497 INFO o.a.j.t.JMeterThread: Thread is done: Thread Group 1-90
2026-05-02 20:18:38,497 INFO o.a.j.t.JMeterThread: Thread finished: Thread Group 1-90
2026-05-02 20:18:38,504 INFO o.a.j.t.JMeterThread: Thread is done: Thread Group 1-91
2026-05-02 20:18:38,504 INFO o.a.j.t.JMeterThread: Thread finished: Thread Group 1-91
2026-05-02 20:18:38,509 INFO o.a.j.t.JMeterThread: Thread started: Thread Group 1-92
2026-05-02 20:18:38,518 INFO o.a.j.t.JMeterThread: Thread started: Thread Group 1-93
2026-05-02 20:18:38,520 INFO o.a.j.t.JMeterThread: Thread is done: Thread Group 1-92
2026-05-02 20:18:38,520 INFO o.a.j.t.JMeterThread: Thread finished: Thread Group 1-92
2026-05-02 20:18:38,527 INFO o.a.j.t.JMeterThread: Thread started: Thread Group 1-94
2026-05-02 20:18:38,527 INFO o.a.j.t.JMeterThread: Thread is done: Thread Group 1-93
2026-05-02 20:18:38,527 INFO o.a.j.t.JMeterThread: Thread finished: Thread Group 1-93
2026-05-02 20:18:38,535 INFO o.a.j.t.JMeterThread: Thread started: Thread Group 1-95
2026-05-02 20:18:38,535 INFO o.a.j.t.JMeterThread: Thread is done: Thread Group 1-94
2026-05-02 20:18:38,536 INFO o.a.j.t.JMeterThread: Thread finished: Thread Group 1-94
2026-05-02 20:18:38,546 INFO o.a.j.t.JMeterThread: Thread is done: Thread Group 1-95
2026-05-02 20:18:38,547 INFO o.a.j.t.JMeterThread: Thread finished: Thread Group 1-95
2026-05-02 20:18:38,548 INFO o.a.j.t.JMeterThread: Thread started: Thread Group 1-96
2026-05-02 20:18:38,557 INFO o.a.j.t.JMeterThread: Thread is done: Thread Group 1-96
2026-05-02 20:18:38,557 INFO o.a.j.t.JMeterThread: Thread finished: Thread Group 1-96
2026-05-02 20:18:38,559 INFO o.a.j.t.JMeterThread: Thread started: Thread Group 1-97
2026-05-02 20:18:38,565 INFO o.a.j.t.JMeterThread: Thread started: Thread Group 1-98
2026-05-02 20:18:38,570 INFO o.a.j.t.JMeterThread: Thread is done: Thread Group 1-97
2026-05-02 20:18:38,571 INFO o.a.j.t.JMeterThread: Thread finished: Thread Group 1-97
2026-05-02 20:18:38,577 INFO o.a.j.t.JMeterThread: Thread is done: Thread Group 1-98
2026-05-02 20:18:38,577 INFO o.a.j.t.JMeterThread: Thread finished: Thread Group 1-98
2026-05-02 20:18:38,579 INFO o.a.j.t.JMeterThread: Thread started: Thread Group 1-99
2026-05-02 20:18:38,585 INFO o.a.j.t.JMeterThread: Thread started: Thread Group 1-100
2026-05-02 20:18:38,589 INFO o.a.j.t.JMeterThread: Thread is done: Thread Group 1-99
2026-05-02 20:18:38,589 INFO o.a.j.t.JMeterThread: Thread finished: Thread Group 1-99
2026-05-02 20:18:38,594 INFO o.a.j.t.JMeterThread: Thread is done: Thread Group 1-100
2026-05-02 20:18:38,594 INFO o.a.j.t.JMeterThread: Thread finished: Thread Group 1-100
2026-05-02 20:18:38,595 INFO o.a.j.e.StandardJMeterEngine: Notifying test listeners of end of test
2026-05-02 20:18:38,597 INFO o.a.j.s.FileServer: Default base='/Users/Project/Turing/JSReact/TuringReact13thBatch'
2026-05-02 20:18:38,597 INFO o.a.j.g.u.JMeterMenuBar: setRunning(false, *local*)
2026-05-02 20:18:51,248 INFO o.a.j.s.FileServer: Set new base='/Users/Project/Turing/Java/JavaEE8thBatch/javaee8-jpa-mvc/Jmeter'
2026-05-02 20:18:51,521 INFO o.a.j.s.SaveService: Testplan (JMX) version: 2.2. Testlog (JTL) version: 2.2
2026-05-02 20:18:51,531 INFO o.a.j.s.SaveService: Using SaveService properties version 5.0
2026-05-02 20:18:51,533 INFO o.a.j.s.SaveService: Using SaveService properties file encoding UTF-8
2026-05-02 20:18:51,548 INFO o.a.j.e.StandardJMeterEngine: Running the test!
2026-05-02 20:18:51,548 INFO o.a.j.s.SampleEvent: List of sample_variables: []
2026-05-02 20:18:51,549 INFO o.a.j.g.u.JMeterMenuBar: setRunning(true, *local*)
2026-05-02 20:18:51,592 INFO o.a.j.e.StandardJMeterEngine: Starting ThreadGroup: 1 : Thread Group
2026-05-02 20:18:51,592 INFO o.a.j.e.StandardJMeterEngine: Starting 100 threads for group Thread Group.
2026-05-02 20:18:51,593 INFO o.a.j.e.StandardJMeterEngine: Thread will continue on error
2026-05-02 20:18:51,593 INFO o.a.j.t.ThreadGroup: Starting thread group... number=1 threads=100 ramp-up=1 delayedStart=false
2026-05-02 20:18:51,594 INFO o.a.j.t.JMeterThread: Thread started: Thread Group 1-1
2026-05-02 20:18:51,606 INFO o.a.j.t.JMeterThread: Thread started: Thread Group 1-2
2026-05-02 20:18:51,607 INFO o.a.j.t.JMeterThread: Thread is done: Thread Group 1-1
2026-05-02 20:18:51,607 INFO o.a.j.t.JMeterThread: Thread finished: Thread Group 1-1
2026-05-02 20:18:51,616 INFO o.a.j.t.JMeterThread: Thread is done: Thread Group 1-2
2026-05-02 20:18:51,616 INFO o.a.j.t.JMeterThread: Thread finished: Thread Group 1-2
2026-05-02 20:18:51,618 INFO o.a.j.t.JMeterThread: Thread started: Thread Group 1-3
2026-05-02 20:18:51,619 INFO o.a.j.t.ThreadGroup: Started thread group number 1
2026-05-02 20:18:51,619 INFO o.a.j.e.StandardJMeterEngine: All thread groups have been started
2026-05-02 20:18:51,626 INFO o.a.j.t.JMeterThread: Thread started: Thread Group 1-4
2026-05-02 20:18:51,629 INFO o.a.j.t.JMeterThread: Thread is done: Thread Group 1-3
2026-05-02 20:18:51,629 INFO o.a.j.t.JMeterThread: Thread finished: Thread Group 1-3
2026-05-02 20:18:51,636 INFO o.a.j.t.JMeterThread: Thread is done: Thread Group 1-4
2026-05-02 20:18:51,636 INFO o.a.j.t.JMeterThread: Thread finished: Thread Group 1-4
2026-05-02 20:18:51,636 INFO o.a.j.t.JMeterThread: Thread started: Thread Group 1-5
2026-05-02 20:18:51,645 INFO o.a.j.t.JMeterThread: Thread is done: Thread Group 1-5
2026-05-02 20:18:51,645 INFO o.a.j.t.JMeterThread: Thread finished: Thread Group 1-5
2026-05-02 20:18:51,647 INFO o.a.j.t.JMeterThread: Thread started: Thread Group 1-6
2026-05-02 20:18:51,656 INFO o.a.j.t.JMeterThread: Thread is done: Thread Group 1-6
2026-05-02 20:18:51,657 INFO o.a.j.t.JMeterThread: Thread finished: Thread Group 1-6
2026-05-02 20:18:51,659 INFO o.a.j.t.JMeterThread: Thread started: Thread Group 1-7
2026-05-02 20:18:51,668 INFO o.a.j.t.JMeterThread: Thread started: Thread Group 1-8
2026-05-02 20:18:51,670 INFO o.a.j.t.JMeterThread: Thread is done: Thread Group 1-7
2026-05-02 20:18:51,670 INFO o.a.j.t.JMeterThread: Thread finished: Thread Group 1-7
2026-05-02 20:18:51,678 INFO o.a.j.t.JMeterThread: Thread started: Thread Group 1-9
2026-05-02 20:18:51,681 INFO o.a.j.t.JMeterThread: Thread is done: Thread Group 1-8
2026-05-02 20:18:51,681 INFO o.a.j.t.JMeterThread: Thread finished: Thread Group 1-8
2026-05-02 20:18:51,706 INFO o.a.j.t.JMeterThread: Thread started: Thread Group 1-11
2026-05-02 20:18:51,706 INFO o.a.j.t.JMeterThread: Thread started: Thread Group 1-10
2026-05-02 20:18:51,709 INFO o.a.j.t.JMeterThread: Thread started: Thread Group 1-12
2026-05-02 20:18:51,713 INFO o.a.j.t.JMeterThread: Thread is done: Thread Group 1-9
2026-05-02 20:18:51,713 INFO o.a.j.t.JMeterThread: Thread finished: Thread Group 1-9
2026-05-02 20:18:51,716 INFO o.a.j.t.JMeterThread: Thread is done: Thread Group 1-10
2026-05-02 20:18:51,717 INFO o.a.j.t.JMeterThread: Thread is done: Thread Group 1-11
2026-05-02 20:18:51,717 INFO o.a.j.t.JMeterThread: Thread finished: Thread Group 1-10
2026-05-02 20:18:51,717 INFO o.a.j.t.JMeterThread: Thread finished: Thread Group 1-11
2026-05-02 20:18:51,719 INFO o.a.j.t.JMeterThread: Thread started: Thread Group 1-13
2026-05-02 20:18:51,720 INFO o.a.j.t.JMeterThread: Thread is done: Thread Group 1-12
2026-05-02 20:18:51,720 INFO o.a.j.t.JMeterThread: Thread finished: Thread Group 1-12
2026-05-02 20:18:51,726 INFO o.a.j.t.JMeterThread: Thread started: Thread Group 1-14
2026-05-02 20:18:51,729 INFO o.a.j.t.JMeterThread: Thread is done: Thread Group 1-13
2026-05-02 20:18:51,729 INFO o.a.j.t.JMeterThread: Thread finished: Thread Group 1-13
2026-05-02 20:18:51,735 INFO o.a.j.t.JMeterThread: Thread is done: Thread Group 1-14
2026-05-02 20:18:51,735 INFO o.a.j.t.JMeterThread: Thread finished: Thread Group 1-14
2026-05-02 20:18:51,737 INFO o.a.j.t.JMeterThread: Thread started: Thread Group 1-15
2026-05-02 20:18:51,744 INFO o.a.j.t.JMeterThread: Thread is done: Thread Group 1-15
2026-05-02 20:18:51,744 INFO o.a.j.t.JMeterThread: Thread finished: Thread Group 1-15
2026-05-02 20:18:51,744 INFO o.a.j.t.JMeterThread: Thread started: Thread Group 1-16
2026-05-02 20:18:51,751 INFO o.a.j.t.JMeterThread: Thread is done: Thread Group 1-16
2026-05-02 20:18:51,751 INFO o.a.j.t.JMeterThread: Thread finished: Thread Group 1-16
2026-05-02 20:18:51,759 INFO o.a.j.t.JMeterThread: Thread started: Thread Group 1-17
2026-05-02 20:18:51,766 INFO o.a.j.t.JMeterThread: Thread is done: Thread Group 1-17
2026-05-02 20:18:51,766 INFO o.a.j.t.JMeterThread: Thread finished: Thread Group 1-17
2026-05-02 20:18:51,768 INFO o.a.j.t.JMeterThread: Thread started: Thread Group 1-18
2026-05-02 20:18:51,776 INFO o.a.j.t.JMeterThread: Thread is done: Thread Group 1-18
2026-05-02 20:18:51,776 INFO o.a.j.t.JMeterThread: Thread started: Thread Group 1-19
2026-05-02 20:18:51,776 INFO o.a.j.t.JMeterThread: Thread finished: Thread Group 1-18
2026-05-02 20:18:51,783 INFO o.a.j.t.JMeterThread: Thread is done: Thread Group 1-19
2026-05-02 20:18:51,783 INFO o.a.j.t.JMeterThread: Thread finished: Thread Group 1-19
2026-05-02 20:18:51,786 INFO o.a.j.t.JMeterThread: Thread started: Thread Group 1-20
2026-05-02 20:18:51,793 INFO o.a.j.t.JMeterThread: Thread is done: Thread Group 1-20
2026-05-02 20:18:51,793 INFO o.a.j.t.JMeterThread: Thread finished: Thread Group 1-20
2026-05-02 20:18:51,796 INFO o.a.j.t.JMeterThread: Thread started: Thread Group 1-21
2026-05-02 20:18:51,803 INFO o.a.j.t.JMeterThread: Thread is done: Thread Group 1-21
2026-05-02 20:18:51,803 INFO o.a.j.t.JMeterThread: Thread finished: Thread Group 1-21
2026-05-02 20:18:51,809 INFO o.a.j.t.JMeterThread: Thread started: Thread Group 1-22
2026-05-02 20:18:51,818 INFO o.a.j.t.JMeterThread: Thread is done: Thread Group 1-22
2026-05-02 20:18:51,818 INFO o.a.j.t.JMeterThread: Thread started: Thread Group 1-23
2026-05-02 20:18:51,818 INFO o.a.j.t.JMeterThread: Thread finished: Thread Group 1-22
2026-05-02 20:18:51,825 INFO o.a.j.t.JMeterThread: Thread is done: Thread Group 1-23
2026-05-02 20:18:51,825 INFO o.a.j.t.JMeterThread: Thread finished: Thread Group 1-23
2026-05-02 20:18:51,828 INFO o.a.j.t.JMeterThread: Thread started: Thread Group 1-24
2026-05-02 20:18:51,835 INFO o.a.j.t.JMeterThread: Thread is done: Thread Group 1-24
2026-05-02 20:18:51,835 INFO o.a.j.t.JMeterThread: Thread finished: Thread Group 1-24
2026-05-02 20:18:51,839 INFO o.a.j.t.JMeterThread: Thread started: Thread Group 1-25
2026-05-02 20:18:51,844 INFO o.a.j.t.JMeterThread: Thread started: Thread Group 1-26
2026-05-02 20:18:51,848 INFO o.a.j.t.JMeterThread: Thread is done: Thread Group 1-25
2026-05-02 20:18:51,848 INFO o.a.j.t.JMeterThread: Thread finished: Thread Group 1-25
2026-05-02 20:18:51,853 INFO o.a.j.t.JMeterThread: Thread is done: Thread Group 1-26
2026-05-02 20:18:51,853 INFO o.a.j.t.JMeterThread: Thread finished: Thread Group 1-26
2026-05-02 20:18:51,857 INFO o.a.j.t.JMeterThread: Thread started: Thread Group 1-27
2026-05-02 20:18:51,865 INFO o.a.j.t.JMeterThread: Thread is done: Thread Group 1-27
2026-05-02 20:18:51,865 INFO o.a.j.t.JMeterThread: Thread finished: Thread Group 1-27
2026-05-02 20:18:51,868 INFO o.a.j.t.JMeterThread: Thread started: Thread Group 1-28
2026-05-02 20:18:51,875 INFO o.a.j.t.JMeterThread: Thread is done: Thread Group 1-28
2026-05-02 20:18:51,875 INFO o.a.j.t.JMeterThread: Thread finished: Thread Group 1-28
2026-05-02 20:18:51,876 INFO o.a.j.t.JMeterThread: Thread started: Thread Group 1-29
2026-05-02 20:18:51,885 INFO o.a.j.t.JMeterThread: Thread is done: Thread Group 1-29
2026-05-02 20:18:51,885 INFO o.a.j.t.JMeterThread: Thread finished: Thread Group 1-29
2026-05-02 20:18:51,886 INFO o.a.j.t.JMeterThread: Thread started: Thread Group 1-30
2026-05-02 20:18:51,894 INFO o.a.j.t.JMeterThread: Thread is done: Thread Group 1-30
2026-05-02 20:18:51,894 INFO o.a.j.t.JMeterThread: Thread finished: Thread Group 1-30
2026-05-02 20:18:51,897 INFO o.a.j.t.JMeterThread: Thread started: Thread Group 1-31
2026-05-02 20:18:51,905 INFO o.a.j.t.JMeterThread: Thread is done: Thread Group 1-31
2026-05-02 20:18:51,905 INFO o.a.j.t.JMeterThread: Thread finished: Thread Group 1-31
2026-05-02 20:18:51,908 INFO o.a.j.t.JMeterThread: Thread started: Thread Group 1-32
2026-05-02 20:18:51,917 INFO o.a.j.t.JMeterThread: Thread is done: Thread Group 1-32
2026-05-02 20:18:51,917 INFO o.a.j.t.JMeterThread: Thread finished: Thread Group 1-32
2026-05-02 20:18:51,918 INFO o.a.j.t.JMeterThread: Thread started: Thread Group 1-33
2026-05-02 20:18:51,926 INFO o.a.j.t.JMeterThread: Thread is done: Thread Group 1-33
2026-05-02 20:18:51,926 INFO o.a.j.t.JMeterThread: Thread finished: Thread Group 1-33
2026-05-02 20:18:51,927 INFO o.a.j.t.JMeterThread: Thread started: Thread Group 1-34
2026-05-02 20:18:51,934 INFO o.a.j.t.JMeterThread: Thread is done: Thread Group 1-34
2026-05-02 20:18:51,934 INFO o.a.j.t.JMeterThread: Thread finished: Thread Group 1-34
2026-05-02 20:18:51,935 INFO o.a.j.t.JMeterThread: Thread started: Thread Group 1-35
2026-05-02 20:18:51,942 INFO o.a.j.t.JMeterThread: Thread is done: Thread Group 1-35
2026-05-02 20:18:51,942 INFO o.a.j.t.JMeterThread: Thread finished: Thread Group 1-35
2026-05-02 20:18:51,945 INFO o.a.j.t.JMeterThread: Thread started: Thread Group 1-36
2026-05-02 20:18:51,953 INFO o.a.j.t.JMeterThread: Thread is done: Thread Group 1-36
2026-05-02 20:18:51,953 INFO o.a.j.t.JMeterThread: Thread finished: Thread Group 1-36
2026-05-02 20:18:51,956 INFO o.a.j.t.JMeterThread: Thread started: Thread Group 1-37
2026-05-02 20:18:51,963 INFO o.a.j.t.JMeterThread: Thread is done: Thread Group 1-37
2026-05-02 20:18:51,963 INFO o.a.j.t.JMeterThread: Thread finished: Thread Group 1-37
2026-05-02 20:18:51,968 INFO o.a.j.t.JMeterThread: Thread started: Thread Group 1-38
2026-05-02 20:18:51,975 INFO o.a.j.t.JMeterThread: Thread is done: Thread Group 1-38
2026-05-02 20:18:51,975 INFO o.a.j.t.JMeterThread: Thread finished: Thread Group 1-38
2026-05-02 20:18:51,977 INFO o.a.j.t.JMeterThread: Thread started: Thread Group 1-39
2026-05-02 20:18:51,986 INFO o.a.j.t.JMeterThread: Thread is done: Thread Group 1-39
2026-05-02 20:18:51,986 INFO o.a.j.t.JMeterThread: Thread finished: Thread Group 1-39
2026-05-02 20:18:51,988 INFO o.a.j.t.JMeterThread: Thread started: Thread Group 1-40
2026-05-02 20:18:51,995 INFO o.a.j.t.JMeterThread: Thread is done: Thread Group 1-40
2026-05-02 20:18:51,995 INFO o.a.j.t.JMeterThread: Thread finished: Thread Group 1-40
2026-05-02 20:18:51,998 INFO o.a.j.t.JMeterThread: Thread started: Thread Group 1-41
2026-05-02 20:18:52,005 INFO o.a.j.t.JMeterThread: Thread is done: Thread Group 1-41
2026-05-02 20:18:52,005 INFO o.a.j.t.JMeterThread: Thread finished: Thread Group 1-41
2026-05-02 20:18:52,008 INFO o.a.j.t.JMeterThread: Thread started: Thread Group 1-42
2026-05-02 20:18:52,016 INFO o.a.j.t.JMeterThread: Thread is done: Thread Group 1-42
2026-05-02 20:18:52,016 INFO o.a.j.t.JMeterThread: Thread finished: Thread Group 1-42
2026-05-02 20:18:52,018 INFO o.a.j.t.JMeterThread: Thread started: Thread Group 1-43
2026-05-02 20:18:52,026 INFO o.a.j.t.JMeterThread: Thread started: Thread Group 1-44
2026-05-02 20:18:52,026 INFO o.a.j.t.JMeterThread: Thread is done: Thread Group 1-43
2026-05-02 20:18:52,026 INFO o.a.j.t.JMeterThread: Thread finished: Thread Group 1-43
2026-05-02 20:18:52,033 INFO o.a.j.t.JMeterThread: Thread is done: Thread Group 1-44
2026-05-02 20:18:52,033 INFO o.a.j.t.JMeterThread: Thread finished: Thread Group 1-44
2026-05-02 20:18:52,037 INFO o.a.j.t.JMeterThread: Thread started: Thread Group 1-45
2026-05-02 20:18:52,045 INFO o.a.j.t.JMeterThread: Thread is done: Thread Group 1-45
2026-05-02 20:18:52,045 INFO o.a.j.t.JMeterThread: Thread finished: Thread Group 1-45
2026-05-02 20:18:52,046 INFO o.a.j.t.JMeterThread: Thread started: Thread Group 1-46
2026-05-02 20:18:52,055 INFO o.a.j.t.JMeterThread: Thread is done: Thread Group 1-46
2026-05-02 20:18:52,055 INFO o.a.j.t.JMeterThread: Thread finished: Thread Group 1-46
2026-05-02 20:18:52,056 INFO o.a.j.t.JMeterThread: Thread started: Thread Group 1-47
2026-05-02 20:18:52,066 INFO o.a.j.t.JMeterThread: Thread is done: Thread Group 1-47
2026-05-02 20:18:52,066 INFO o.a.j.t.JMeterThread: Thread finished: Thread Group 1-47
2026-05-02 20:18:52,068 INFO o.a.j.t.JMeterThread: Thread started: Thread Group 1-48
2026-05-02 20:18:52,076 INFO o.a.j.t.JMeterThread: Thread started: Thread Group 1-49
2026-05-02 20:18:52,077 INFO o.a.j.t.JMeterThread: Thread is done: Thread Group 1-48
2026-05-02 20:18:52,077 INFO o.a.j.t.JMeterThread: Thread finished: Thread Group 1-48
2026-05-02 20:18:52,084 INFO o.a.j.t.JMeterThread: Thread is done: Thread Group 1-49
2026-05-02 20:18:52,084 INFO o.a.j.t.JMeterThread: Thread finished: Thread Group 1-49
2026-05-02 20:18:52,087 INFO o.a.j.t.JMeterThread: Thread started: Thread Group 1-50
2026-05-02 20:18:52,094 INFO o.a.j.t.JMeterThread: Thread is done: Thread Group 1-50
2026-05-02 20:18:52,095 INFO o.a.j.t.JMeterThread: Thread finished: Thread Group 1-50
2026-05-02 20:18:52,095 INFO o.a.j.t.JMeterThread: Thread started: Thread Group 1-51
2026-05-02 20:18:52,102 INFO o.a.j.t.JMeterThread: Thread is done: Thread Group 1-51
2026-05-02 20:18:52,102 INFO o.a.j.t.JMeterThread: Thread finished: Thread Group 1-51
2026-05-02 20:18:52,109 INFO o.a.j.t.JMeterThread: Thread started: Thread Group 1-52
2026-05-02 20:18:52,118 INFO o.a.j.t.JMeterThread: Thread is done: Thread Group 1-52
2026-05-02 20:18:52,118 INFO o.a.j.t.JMeterThread: Thread started: Thread Group 1-53
2026-05-02 20:18:52,118 INFO o.a.j.t.JMeterThread: Thread finished: Thread Group 1-52
2026-05-02 20:18:52,127 INFO o.a.j.t.JMeterThread: Thread started: Thread Group 1-54
2026-05-02 20:18:52,127 INFO o.a.j.t.JMeterThread: Thread is done: Thread Group 1-53
2026-05-02 20:18:52,127 INFO o.a.j.t.JMeterThread: Thread finished: Thread Group 1-53
2026-05-02 20:18:52,134 INFO o.a.j.t.JMeterThread: Thread is done: Thread Group 1-54
2026-05-02 20:18:52,135 INFO o.a.j.t.JMeterThread: Thread finished: Thread Group 1-54
2026-05-02 20:18:52,137 INFO o.a.j.t.JMeterThread: Thread started: Thread Group 1-55
2026-05-02 20:18:52,145 INFO o.a.j.t.JMeterThread: Thread is done: Thread Group 1-55
2026-05-02 20:18:52,145 INFO o.a.j.t.JMeterThread: Thread finished: Thread Group 1-55
2026-05-02 20:18:52,148 INFO o.a.j.t.JMeterThread: Thread started: Thread Group 1-56
2026-05-02 20:18:52,156 INFO o.a.j.t.JMeterThread: Thread is done: Thread Group 1-56
2026-05-02 20:18:52,156 INFO o.a.j.t.JMeterThread: Thread finished: Thread Group 1-56
2026-05-02 20:18:52,158 INFO o.a.j.t.JMeterThread: Thread started: Thread Group 1-57
2026-05-02 20:18:52,165 INFO o.a.j.t.JMeterThread: Thread is done: Thread Group 1-57
2026-05-02 20:18:52,165 INFO o.a.j.t.JMeterThread: Thread finished: Thread Group 1-57
2026-05-02 20:18:52,168 INFO o.a.j.t.JMeterThread: Thread started: Thread Group 1-58
2026-05-02 20:18:52,176 INFO o.a.j.t.JMeterThread: Thread is done: Thread Group 1-58
2026-05-02 20:18:52,176 INFO o.a.j.t.JMeterThread: Thread started: Thread Group 1-59
2026-05-02 20:18:52,176 INFO o.a.j.t.JMeterThread: Thread finished: Thread Group 1-58
2026-05-02 20:18:52,183 INFO o.a.j.t.JMeterThread: Thread is done: Thread Group 1-59
2026-05-02 20:18:52,183 INFO o.a.j.t.JMeterThread: Thread finished: Thread Group 1-59
2026-05-02 20:18:52,184 INFO o.a.j.t.JMeterThread: Thread started: Thread Group 1-60
2026-05-02 20:18:52,192 INFO o.a.j.t.JMeterThread: Thread is done: Thread Group 1-60
2026-05-02 20:18:52,192 INFO o.a.j.t.JMeterThread: Thread finished: Thread Group 1-60
2026-05-02 20:18:52,193 INFO o.a.j.t.JMeterThread: Thread started: Thread Group 1-61
2026-05-02 20:18:52,200 INFO o.a.j.t.JMeterThread: Thread is done: Thread Group 1-61
2026-05-02 20:18:52,200 INFO o.a.j.t.JMeterThread: Thread finished: Thread Group 1-61
2026-05-02 20:18:52,206 INFO o.a.j.t.JMeterThread: Thread started: Thread Group 1-62
2026-05-02 20:18:52,214 INFO o.a.j.t.JMeterThread: Thread is done: Thread Group 1-62
2026-05-02 20:18:52,214 INFO o.a.j.t.JMeterThread: Thread finished: Thread Group 1-62
2026-05-02 20:18:52,218 INFO o.a.j.t.JMeterThread: Thread started: Thread Group 1-63
2026-05-02 20:18:52,225 INFO o.a.j.t.JMeterThread: Thread is done: Thread Group 1-63
2026-05-02 20:18:52,225 INFO o.a.j.t.JMeterThread: Thread finished: Thread Group 1-63
2026-05-02 20:18:52,226 INFO o.a.j.t.JMeterThread: Thread started: Thread Group 1-64
2026-05-02 20:18:52,234 INFO o.a.j.t.JMeterThread: Thread is done: Thread Group 1-64
2026-05-02 20:18:52,234 INFO o.a.j.t.JMeterThread: Thread finished: Thread Group 1-64
2026-05-02 20:18:52,235 INFO o.a.j.t.JMeterThread: Thread started: Thread Group 1-65
2026-05-02 20:18:52,243 INFO o.a.j.t.JMeterThread: Thread is done: Thread Group 1-65
2026-05-02 20:18:52,243 INFO o.a.j.t.JMeterThread: Thread finished: Thread Group 1-65
2026-05-02 20:18:52,245 INFO o.a.j.t.JMeterThread: Thread started: Thread Group 1-66
2026-05-02 20:18:52,253 INFO o.a.j.t.JMeterThread: Thread is done: Thread Group 1-66
2026-05-02 20:18:52,254 INFO o.a.j.t.JMeterThread: Thread finished: Thread Group 1-66
2026-05-02 20:18:52,256 INFO o.a.j.t.JMeterThread: Thread started: Thread Group 1-67
2026-05-02 20:18:52,262 INFO o.a.j.t.JMeterThread: Thread is done: Thread Group 1-67
2026-05-02 20:18:52,262 INFO o.a.j.t.JMeterThread: Thread finished: Thread Group 1-67
2026-05-02 20:18:52,268 INFO o.a.j.t.JMeterThread: Thread started: Thread Group 1-68
2026-05-02 20:18:52,274 INFO o.a.j.t.JMeterThread: Thread is done: Thread Group 1-68
2026-05-02 20:18:52,274 INFO o.a.j.t.JMeterThread: Thread finished: Thread Group 1-68
2026-05-02 20:18:52,276 INFO o.a.j.t.JMeterThread: Thread started: Thread Group 1-69
2026-05-02 20:18:52,283 INFO o.a.j.t.JMeterThread: Thread is done: Thread Group 1-69
2026-05-02 20:18:52,284 INFO o.a.j.t.JMeterThread: Thread finished: Thread Group 1-69
2026-05-02 20:18:52,287 INFO o.a.j.t.JMeterThread: Thread started: Thread Group 1-70
2026-05-02 20:18:52,294 INFO o.a.j.t.JMeterThread: Thread is done: Thread Group 1-70
2026-05-02 20:18:52,294 INFO o.a.j.t.JMeterThread: Thread finished: Thread Group 1-70
2026-05-02 20:18:52,297 INFO o.a.j.t.JMeterThread: Thread started: Thread Group 1-71
2026-05-02 20:18:52,304 INFO o.a.j.t.JMeterThread: Thread is done: Thread Group 1-71
2026-05-02 20:18:52,304 INFO o.a.j.t.JMeterThread: Thread finished: Thread Group 1-71
2026-05-02 20:18:52,308 INFO o.a.j.t.JMeterThread: Thread started: Thread Group 1-72
2026-05-02 20:18:52,315 INFO o.a.j.t.JMeterThread: Thread is done: Thread Group 1-72
2026-05-02 20:18:52,315 INFO o.a.j.t.JMeterThread: Thread finished: Thread Group 1-72
2026-05-02 20:18:52,318 INFO o.a.j.t.JMeterThread: Thread started: Thread Group 1-73
2026-05-02 20:18:52,325 INFO o.a.j.t.JMeterThread: Thread is done: Thread Group 1-73
2026-05-02 20:18:52,325 INFO o.a.j.t.JMeterThread: Thread finished: Thread Group 1-73
2026-05-02 20:18:52,328 INFO o.a.j.t.JMeterThread: Thread started: Thread Group 1-74
2026-05-02 20:18:52,334 INFO o.a.j.t.JMeterThread: Thread started: Thread Group 1-75
2026-05-02 20:18:52,336 INFO o.a.j.t.JMeterThread: Thread is done: Thread Group 1-74
2026-05-02 20:18:52,336 INFO o.a.j.t.JMeterThread: Thread finished: Thread Group 1-74
2026-05-02 20:18:52,342 INFO o.a.j.t.JMeterThread: Thread is done: Thread Group 1-75
2026-05-02 20:18:52,342 INFO o.a.j.t.JMeterThread: Thread finished: Thread Group 1-75
2026-05-02 20:18:52,344 INFO o.a.j.t.JMeterThread: Thread started: Thread Group 1-76
2026-05-02 20:18:52,353 INFO o.a.j.t.JMeterThread: Thread is done: Thread Group 1-76
2026-05-02 20:18:52,353 INFO o.a.j.t.JMeterThread: Thread finished: Thread Group 1-76
2026-05-02 20:18:52,357 INFO o.a.j.t.JMeterThread: Thread started: Thread Group 1-77
2026-05-02 20:18:52,364 INFO o.a.j.t.JMeterThread: Thread is done: Thread Group 1-77
2026-05-02 20:18:52,364 INFO o.a.j.t.JMeterThread: Thread finished: Thread Group 1-77
2026-05-02 20:18:52,368 INFO o.a.j.t.JMeterThread: Thread started: Thread Group 1-78
2026-05-02 20:18:52,375 INFO o.a.j.t.JMeterThread: Thread is done: Thread Group 1-78
2026-05-02 20:18:52,375 INFO o.a.j.t.JMeterThread: Thread finished: Thread Group 1-78
2026-05-02 20:18:52,376 INFO o.a.j.t.JMeterThread: Thread started: Thread Group 1-79
2026-05-02 20:18:52,385 INFO o.a.j.t.JMeterThread: Thread is done: Thread Group 1-79
2026-05-02 20:18:52,385 INFO o.a.j.t.JMeterThread: Thread finished: Thread Group 1-79
2026-05-02 20:18:52,386 INFO o.a.j.t.JMeterThread: Thread started: Thread Group 1-80
2026-05-02 20:18:52,393 INFO o.a.j.t.JMeterThread: Thread is done: Thread Group 1-80
2026-05-02 20:18:52,393 INFO o.a.j.t.JMeterThread: Thread finished: Thread Group 1-80
2026-05-02 20:18:52,396 INFO o.a.j.t.JMeterThread: Thread started: Thread Group 1-81
2026-05-02 20:18:52,409 INFO o.a.j.t.JMeterThread: Thread started: Thread Group 1-82
2026-05-02 20:18:52,418 INFO o.a.j.t.JMeterThread: Thread started: Thread Group 1-83
2026-05-02 20:18:52,421 INFO o.a.j.t.JMeterThread: Thread is done: Thread Group 1-81
2026-05-02 20:18:52,421 INFO o.a.j.t.JMeterThread: Thread finished: Thread Group 1-81
2026-05-02 20:18:52,426 INFO o.a.j.t.JMeterThread: Thread is done: Thread Group 1-82
2026-05-02 20:18:52,426 INFO o.a.j.t.JMeterThread: Thread is done: Thread Group 1-83
2026-05-02 20:18:52,426 INFO o.a.j.t.JMeterThread: Thread finished: Thread Group 1-82
2026-05-02 20:18:52,426 INFO o.a.j.t.JMeterThread: Thread finished: Thread Group 1-83
2026-05-02 20:18:52,427 INFO o.a.j.t.JMeterThread: Thread started: Thread Group 1-84
2026-05-02 20:18:52,434 INFO o.a.j.t.JMeterThread: Thread is done: Thread Group 1-84
2026-05-02 20:18:52,434 INFO o.a.j.t.JMeterThread: Thread finished: Thread Group 1-84
2026-05-02 20:18:52,436 INFO o.a.j.t.JMeterThread: Thread started: Thread Group 1-85
2026-05-02 20:18:52,443 INFO o.a.j.t.JMeterThread: Thread is done: Thread Group 1-85
2026-05-02 20:18:52,443 INFO o.a.j.t.JMeterThread: Thread finished: Thread Group 1-85
2026-05-02 20:18:52,447 INFO o.a.j.t.JMeterThread: Thread started: Thread Group 1-86
2026-05-02 20:18:52,455 INFO o.a.j.t.JMeterThread: Thread is done: Thread Group 1-86
2026-05-02 20:18:52,455 INFO o.a.j.t.JMeterThread: Thread finished: Thread Group 1-86
2026-05-02 20:18:52,457 INFO o.a.j.t.JMeterThread: Thread started: Thread Group 1-87
2026-05-02 20:18:52,465 INFO o.a.j.t.JMeterThread: Thread is done: Thread Group 1-87
2026-05-02 20:18:52,465 INFO o.a.j.t.JMeterThread: Thread finished: Thread Group 1-87
2026-05-02 20:18:52,468 INFO o.a.j.t.JMeterThread: Thread started: Thread Group 1-88
2026-05-02 20:18:52,476 INFO o.a.j.t.JMeterThread: Thread is done: Thread Group 1-88
2026-05-02 20:18:52,476 INFO o.a.j.t.JMeterThread: Thread finished: Thread Group 1-88
2026-05-02 20:18:52,479 INFO o.a.j.t.JMeterThread: Thread started: Thread Group 1-89
2026-05-02 20:18:52,486 INFO o.a.j.t.JMeterThread: Thread is done: Thread Group 1-89
2026-05-02 20:18:52,486 INFO o.a.j.t.JMeterThread: Thread finished: Thread Group 1-89
2026-05-02 20:18:52,488 INFO o.a.j.t.JMeterThread: Thread started: Thread Group 1-90
2026-05-02 20:18:52,495 INFO o.a.j.t.JMeterThread: Thread started: Thread Group 1-91
2026-05-02 20:18:52,496 INFO o.a.j.t.JMeterThread: Thread is done: Thread Group 1-90
2026-05-02 20:18:52,496 INFO o.a.j.t.JMeterThread: Thread finished: Thread Group 1-90
2026-05-02 20:18:52,503 INFO o.a.j.t.JMeterThread: Thread is done: Thread Group 1-91
2026-05-02 20:18:52,503 INFO o.a.j.t.JMeterThread: Thread finished: Thread Group 1-91
2026-05-02 20:18:52,509 INFO o.a.j.t.JMeterThread: Thread started: Thread Group 1-92
2026-05-02 20:18:52,517 INFO o.a.j.t.JMeterThread: Thread is done: Thread Group 1-92
2026-05-02 20:18:52,517 INFO o.a.j.t.JMeterThread: Thread finished: Thread Group 1-92
2026-05-02 20:18:52,518 INFO o.a.j.t.JMeterThread: Thread started: Thread Group 1-93
2026-05-02 20:18:52,525 INFO o.a.j.t.JMeterThread: Thread is done: Thread Group 1-93
2026-05-02 20:18:52,525 INFO o.a.j.t.JMeterThread: Thread finished: Thread Group 1-93
2026-05-02 20:18:52,525 INFO o.a.j.t.JMeterThread: Thread started: Thread Group 1-94
2026-05-02 20:18:52,533 INFO o.a.j.t.JMeterThread: Thread is done: Thread Group 1-94
2026-05-02 20:18:52,533 INFO o.a.j.t.JMeterThread: Thread finished: Thread Group 1-94
2026-05-02 20:18:52,537 INFO o.a.j.t.JMeterThread: Thread started: Thread Group 1-95
2026-05-02 20:18:52,543 INFO o.a.j.t.JMeterThread: Thread is done: Thread Group 1-95
2026-05-02 20:18:52,543 INFO o.a.j.t.JMeterThread: Thread finished: Thread Group 1-95
2026-05-02 20:18:52,548 INFO o.a.j.t.JMeterThread: Thread started: Thread Group 1-96
2026-05-02 20:18:52,556 INFO o.a.j.t.JMeterThread: Thread is done: Thread Group 1-96
2026-05-02 20:18:52,556 INFO o.a.j.t.JMeterThread: Thread finished: Thread Group 1-96
2026-05-02 20:18:52,557 INFO o.a.j.t.JMeterThread: Thread started: Thread Group 1-97
2026-05-02 20:18:52,564 INFO o.a.j.t.JMeterThread: Thread is done: Thread Group 1-97
2026-05-02 20:18:52,564 INFO o.a.j.t.JMeterThread: Thread finished: Thread Group 1-97
2026-05-02 20:18:52,568 INFO o.a.j.t.JMeterThread: Thread started: Thread Group 1-98
2026-05-02 20:18:52,575 INFO o.a.j.t.JMeterThread: Thread is done: Thread Group 1-98
2026-05-02 20:18:52,575 INFO o.a.j.t.JMeterThread: Thread finished: Thread Group 1-98
2026-05-02 20:18:52,576 INFO o.a.j.t.JMeterThread: Thread started: Thread Group 1-99
2026-05-02 20:18:52,583 INFO o.a.j.t.JMeterThread: Thread is done: Thread Group 1-99
2026-05-02 20:18:52,583 INFO o.a.j.t.JMeterThread: Thread finished: Thread Group 1-99
2026-05-02 20:18:52,587 INFO o.a.j.t.JMeterThread: Thread started: Thread Group 1-100
2026-05-02 20:18:52,594 INFO o.a.j.t.JMeterThread: Thread is done: Thread Group 1-100
2026-05-02 20:18:52,594 INFO o.a.j.t.JMeterThread: Thread finished: Thread Group 1-100
2026-05-02 20:18:52,594 INFO o.a.j.e.StandardJMeterEngine: Notifying test listeners of end of test
2026-05-02 20:18:52,594 INFO o.a.j.g.u.JMeterMenuBar: setRunning(false, *local*)
2026-05-02 20:20:46,983 INFO o.a.j.e.StandardJMeterEngine: Running the test!
2026-05-02 20:20:46,984 INFO o.a.j.s.SampleEvent: List of sample_variables: []
2026-05-02 20:20:46,985 INFO o.a.j.g.u.JMeterMenuBar: setRunning(true, *local*)
2026-05-02 20:20:47,022 INFO o.a.j.e.StandardJMeterEngine: Starting ThreadGroup: 1 : Thread Group
2026-05-02 20:20:47,022 INFO o.a.j.e.StandardJMeterEngine: Starting 100 threads for group Thread Group.
2026-05-02 20:20:47,022 INFO o.a.j.e.StandardJMeterEngine: Thread will continue on error
2026-05-02 20:20:47,022 INFO o.a.j.t.ThreadGroup: Starting thread group... number=1 threads=100 ramp-up=1 delayedStart=false
2026-05-02 20:20:47,023 INFO o.a.j.t.JMeterThread: Thread started: Thread Group 1-1
2026-05-02 20:20:47,034 INFO o.a.j.t.JMeterThread: Thread started: Thread Group 1-2
2026-05-02 20:20:47,043 INFO o.a.j.t.ThreadGroup: Started thread group number 1
2026-05-02 20:20:47,043 INFO o.a.j.e.StandardJMeterEngine: All thread groups have been started
2026-05-02 20:20:47,044 INFO o.a.j.t.JMeterThread: Thread started: Thread Group 1-3
2026-05-02 20:20:47,057 INFO o.a.j.t.JMeterThread: Thread started: Thread Group 1-4
2026-05-02 20:20:47,066 INFO o.a.j.t.JMeterThread: Thread started: Thread Group 1-5
2026-05-02 20:20:47,075 INFO o.a.j.t.JMeterThread: Thread started: Thread Group 1-6
2026-05-02 20:20:47,084 INFO o.a.j.t.JMeterThread: Thread started: Thread Group 1-7
2026-05-02 20:20:47,094 INFO o.a.j.t.JMeterThread: Thread started: Thread Group 1-8
2026-05-02 20:20:47,108 INFO o.a.j.t.JMeterThread: Thread started: Thread Group 1-9
2026-05-02 20:20:47,115 INFO o.a.j.t.JMeterThread: Thread started: Thread Group 1-10
2026-05-02 20:20:47,125 INFO o.a.j.t.JMeterThread: Thread started: Thread Group 1-11
2026-05-02 20:20:47,136 INFO o.a.j.t.JMeterThread: Thread started: Thread Group 1-12
2026-05-02 20:20:47,146 INFO o.a.j.t.JMeterThread: Thread started: Thread Group 1-13
2026-05-02 20:20:47,157 INFO o.a.j.t.JMeterThread: Thread started: Thread Group 1-14
2026-05-02 20:20:47,165 INFO o.a.j.t.JMeterThread: Thread started: Thread Group 1-15
2026-05-02 20:20:47,176 INFO o.a.j.t.JMeterThread: Thread started: Thread Group 1-16
2026-05-02 20:20:47,186 INFO o.a.j.t.JMeterThread: Thread started: Thread Group 1-17
2026-05-02 20:20:47,197 INFO o.a.j.t.JMeterThread: Thread started: Thread Group 1-18
2026-05-02 20:20:47,208 INFO o.a.j.t.JMeterThread: Thread started: Thread Group 1-19
2026-05-02 20:20:47,216 INFO o.a.j.t.JMeterThread: Thread started: Thread Group 1-20
2026-05-02 20:20:47,226 INFO o.a.j.t.JMeterThread: Thread started: Thread Group 1-21
2026-05-02 20:20:47,237 INFO o.a.j.t.JMeterThread: Thread started: Thread Group 1-22
2026-05-02 20:20:47,244 INFO o.a.j.t.JMeterThread: Thread started: Thread Group 1-23
2026-05-02 20:20:47,257 INFO o.a.j.t.JMeterThread: Thread started: Thread Group 1-24
2026-05-02 20:20:47,266 INFO o.a.j.t.JMeterThread: Thread started: Thread Group 1-25
2026-05-02 20:20:47,276 INFO o.a.j.t.JMeterThread: Thread started: Thread Group 1-26
2026-05-02 20:20:47,283 INFO o.a.j.t.JMeterThread: Thread started: Thread Group 1-27
2026-05-02 20:20:47,293 INFO o.a.j.t.JMeterThread: Thread started: Thread Group 1-28
2026-05-02 20:20:47,307 INFO o.a.j.t.JMeterThread: Thread started: Thread Group 1-29
2026-05-02 20:20:47,315 INFO o.a.j.t.JMeterThread: Thread started: Thread Group 1-30
2026-05-02 20:20:47,325 INFO o.a.j.t.JMeterThread: Thread started: Thread Group 1-31
2026-05-02 20:20:47,336 INFO o.a.j.t.JMeterThread: Thread started: Thread Group 1-32
2026-05-02 20:20:47,346 INFO o.a.j.t.JMeterThread: Thread started: Thread Group 1-33
2026-05-02 20:20:47,357 INFO o.a.j.t.JMeterThread: Thread started: Thread Group 1-34
2026-05-02 20:20:47,366 INFO o.a.j.t.JMeterThread: Thread started: Thread Group 1-35
2026-05-02 20:20:47,373 INFO o.a.j.t.JMeterThread: Thread started: Thread Group 1-36
2026-05-02 20:20:47,385 INFO o.a.j.t.JMeterThread: Thread started: Thread Group 1-37
2026-05-02 20:20:47,394 INFO o.a.j.t.JMeterThread: Thread started: Thread Group 1-38
2026-05-02 20:20:47,407 INFO o.a.j.t.JMeterThread: Thread started: Thread Group 1-39
2026-05-02 20:20:47,415 INFO o.a.j.t.JMeterThread: Thread started: Thread Group 1-40
2026-05-02 20:20:47,424 INFO o.a.j.t.JMeterThread: Thread started: Thread Group 1-41
2026-05-02 20:20:47,434 INFO o.a.j.t.JMeterThread: Thread started: Thread Group 1-42
2026-05-02 20:20:47,445 INFO o.a.j.t.JMeterThread: Thread started: Thread Group 1-43
2026-05-02 20:20:47,457 INFO o.a.j.t.JMeterThread: Thread started: Thread Group 1-44
2026-05-02 20:20:47,466 INFO o.a.j.t.JMeterThread: Thread started: Thread Group 1-45
2026-05-02 20:20:47,477 INFO o.a.j.t.JMeterThread: Thread started: Thread Group 1-46
2026-05-02 20:20:47,487 INFO o.a.j.t.JMeterThread: Thread started: Thread Group 1-47
2026-05-02 20:20:47,496 INFO o.a.j.t.JMeterThread: Thread started: Thread Group 1-48
2026-05-02 20:20:47,507 INFO o.a.j.t.JMeterThread: Thread started: Thread Group 1-49
2026-05-02 20:20:47,517 INFO o.a.j.t.JMeterThread: Thread started: Thread Group 1-50
2026-05-02 20:20:47,524 INFO o.a.j.t.JMeterThread: Thread started: Thread Group 1-51
2026-05-02 20:20:47,534 INFO o.a.j.t.JMeterThread: Thread started: Thread Group 1-52
2026-05-02 20:20:47,546 INFO o.a.j.t.JMeterThread: Thread started: Thread Group 1-53
2026-05-02 20:20:47,557 INFO o.a.j.t.JMeterThread: Thread started: Thread Group 1-54
2026-05-02 20:20:47,566 INFO o.a.j.t.JMeterThread: Thread started: Thread Group 1-55
2026-05-02 20:20:47,575 INFO o.a.j.t.JMeterThread: Thread started: Thread Group 1-56
2026-05-02 20:20:47,585 INFO o.a.j.t.JMeterThread: Thread started: Thread Group 1-57
2026-05-02 20:20:47,597 INFO o.a.j.t.JMeterThread: Thread started: Thread Group 1-58
2026-05-02 20:20:47,607 INFO o.a.j.t.JMeterThread: Thread started: Thread Group 1-59
2026-05-02 20:20:47,615 INFO o.a.j.t.JMeterThread: Thread started: Thread Group 1-60
2026-05-02 20:20:47,626 INFO o.a.j.t.JMeterThread: Thread started: Thread Group 1-61
2026-05-02 20:20:47,632 INFO o.a.j.t.JMeterThread: Thread started: Thread Group 1-62
2026-05-02 20:20:47,643 INFO o.a.j.t.JMeterThread: Thread started: Thread Group 1-63
2026-05-02 20:20:47,657 INFO o.a.j.t.JMeterThread: Thread started: Thread Group 1-64
2026-05-02 20:20:47,666 INFO o.a.j.t.JMeterThread: Thread started: Thread Group 1-65
2026-05-02 20:20:47,673 INFO o.a.j.t.JMeterThread: Thread started: Thread Group 1-66
2026-05-02 20:20:47,684 INFO o.a.j.t.JMeterThread: Thread started: Thread Group 1-67
2026-05-02 20:20:47,693 INFO o.a.j.t.JMeterThread: Thread started: Thread Group 1-68
2026-05-02 20:20:47,707 INFO o.a.j.t.JMeterThread: Thread started: Thread Group 1-69
2026-05-02 20:20:47,715 INFO o.a.j.t.JMeterThread: Thread started: Thread Group 1-70
2026-05-02 20:20:47,723 INFO o.a.j.t.JMeterThread: Thread started: Thread Group 1-71
2026-05-02 20:20:47,733 INFO o.a.j.t.JMeterThread: Thread started: Thread Group 1-72
2026-05-02 20:20:47,745 INFO o.a.j.t.JMeterThread: Thread started: Thread Group 1-73
2026-05-02 20:20:47,757 INFO o.a.j.t.JMeterThread: Thread started: Thread Group 1-74
2026-05-02 20:20:47,765 INFO o.a.j.t.JMeterThread: Thread started: Thread Group 1-75
2026-05-02 20:20:47,776 INFO o.a.j.t.JMeterThread: Thread started: Thread Group 1-76
2026-05-02 20:20:47,786 INFO o.a.j.t.JMeterThread: Thread started: Thread Group 1-77
2026-05-02 20:20:47,795 INFO o.a.j.t.JMeterThread: Thread started: Thread Group 1-78
2026-05-02 20:20:47,807 INFO o.a.j.t.JMeterThread: Thread started: Thread Group 1-79
2026-05-02 20:20:47,816 INFO o.a.j.t.JMeterThread: Thread started: Thread Group 1-80
2026-05-02 20:20:47,825 INFO o.a.j.t.JMeterThread: Thread started: Thread Group 1-81
2026-05-02 20:20:47,835 INFO o.a.j.t.JMeterThread: Thread started: Thread Group 1-82
2026-05-02 20:20:47,847 INFO o.a.j.t.JMeterThread: Thread started: Thread Group 1-83
2026-05-02 20:20:47,857 INFO o.a.j.t.JMeterThread: Thread started: Thread Group 1-84
2026-05-02 20:20:47,864 INFO o.a.j.t.JMeterThread: Thread started: Thread Group 1-85
2026-05-02 20:20:47,874 INFO o.a.j.t.JMeterThread: Thread started: Thread Group 1-86
2026-05-02 20:20:47,886 INFO o.a.j.t.JMeterThread: Thread started: Thread Group 1-87
2026-05-02 20:20:47,893 INFO o.a.j.t.JMeterThread: Thread started: Thread Group 1-88
2026-05-02 20:20:47,907 INFO o.a.j.t.JMeterThread: Thread started: Thread Group 1-89
2026-05-02 20:20:47,915 INFO o.a.j.t.JMeterThread: Thread started: Thread Group 1-90
2026-05-02 20:20:47,925 INFO o.a.j.t.JMeterThread: Thread started: Thread Group 1-91
2026-05-02 20:20:47,936 INFO o.a.j.t.JMeterThread: Thread started: Thread Group 1-92
2026-05-02 20:20:47,946 INFO o.a.j.t.JMeterThread: Thread started: Thread Group 1-93
2026-05-02 20:20:47,957 INFO o.a.j.t.JMeterThread: Thread started: Thread Group 1-94
2026-05-02 20:20:47,965 INFO o.a.j.t.JMeterThread: Thread started: Thread Group 1-95
2026-05-02 20:20:47,976 INFO o.a.j.t.JMeterThread: Thread started: Thread Group 1-96
2026-05-02 20:20:47,986 INFO o.a.j.t.JMeterThread: Thread started: Thread Group 1-97
2026-05-02 20:20:47,994 INFO o.a.j.t.JMeterThread: Thread started: Thread Group 1-98
2026-05-02 20:20:48,007 INFO o.a.j.t.JMeterThread: Thread started: Thread Group 1-99
2026-05-02 20:20:48,015 INFO o.a.j.t.JMeterThread: Thread started: Thread Group 1-100
2026-05-02 20:20:48,309 INFO o.a.j.t.JMeterThread: Thread is done: Thread Group 1-12
2026-05-02 20:20:48,309 INFO o.a.j.t.JMeterThread: Thread is done: Thread Group 1-8
2026-05-02 20:20:48,309 INFO o.a.j.t.JMeterThread: Thread is done: Thread Group 1-4
2026-05-02 20:20:48,309 INFO o.a.j.t.JMeterThread: Thread finished: Thread Group 1-12
2026-05-02 20:20:48,309 INFO o.a.j.t.JMeterThread: Thread is done: Thread Group 1-13
2026-05-02 20:20:48,309 INFO o.a.j.t.JMeterThread: Thread finished: Thread Group 1-8
2026-05-02 20:20:48,309 INFO o.a.j.t.JMeterThread: Thread finished: Thread Group 1-13
2026-05-02 20:20:48,309 INFO o.a.j.t.JMeterThread: Thread is done: Thread Group 1-3
2026-05-02 20:20:48,309 INFO o.a.j.t.JMeterThread: Thread finished: Thread Group 1-3
2026-05-02 20:20:48,309 INFO o.a.j.t.JMeterThread: Thread is done: Thread Group 1-5
2026-05-02 20:20:48,309 INFO o.a.j.t.JMeterThread: Thread finished: Thread Group 1-5
2026-05-02 20:20:48,310 INFO o.a.j.t.JMeterThread: Thread finished: Thread Group 1-4
2026-05-02 20:20:48,309 INFO o.a.j.t.JMeterThread: Thread is done: Thread Group 1-2
2026-05-02 20:20:48,310 INFO o.a.j.t.JMeterThread: Thread finished: Thread Group 1-2
2026-05-02 20:20:48,309 INFO o.a.j.t.JMeterThread: Thread is done: Thread Group 1-7
2026-05-02 20:20:48,310 INFO o.a.j.t.JMeterThread: Thread finished: Thread Group 1-7
2026-05-02 20:20:48,309 INFO o.a.j.t.JMeterThread: Thread is done: Thread Group 1-1
2026-05-02 20:20:48,310 INFO o.a.j.t.JMeterThread: Thread finished: Thread Group 1-1
2026-05-02 20:20:48,309 INFO o.a.j.t.JMeterThread: Thread is done: Thread Group 1-6
2026-05-02 20:20:48,310 INFO o.a.j.t.JMeterThread: Thread finished: Thread Group 1-6
2026-05-02 20:20:49,328 INFO o.a.j.t.JMeterThread: Thread is done: Thread Group 1-16
2026-05-02 20:20:49,328 INFO o.a.j.t.JMeterThread: Thread finished: Thread Group 1-16
2026-05-02 20:20:49,329 INFO o.a.j.t.JMeterThread: Thread is done: Thread Group 1-18
2026-05-02 20:20:49,329 INFO o.a.j.t.JMeterThread: Thread finished: Thread Group 1-18
2026-05-02 20:20:49,331 INFO o.a.j.t.JMeterThread: Thread is done: Thread Group 1-20
2026-05-02 20:20:49,331 INFO o.a.j.t.JMeterThread: Thread finished: Thread Group 1-20
2026-05-02 20:20:49,333 INFO o.a.j.t.JMeterThread: Thread is done: Thread Group 1-17
2026-05-02 20:20:49,334 INFO o.a.j.t.JMeterThread: Thread finished: Thread Group 1-17
2026-05-02 20:20:49,335 INFO o.a.j.t.JMeterThread: Thread is done: Thread Group 1-11
2026-05-02 20:20:49,336 INFO o.a.j.t.JMeterThread: Thread finished: Thread Group 1-11
2026-05-02 20:20:49,337 INFO o.a.j.t.JMeterThread: Thread is done: Thread Group 1-9
2026-05-02 20:20:49,338 INFO o.a.j.t.JMeterThread: Thread finished: Thread Group 1-9
2026-05-02 20:20:49,340 INFO o.a.j.t.JMeterThread: Thread is done: Thread Group 1-14
2026-05-02 20:20:49,340 INFO o.a.j.t.JMeterThread: Thread finished: Thread Group 1-14
2026-05-02 20:20:49,342 INFO o.a.j.t.JMeterThread: Thread is done: Thread Group 1-19
2026-05-02 20:20:49,342 INFO o.a.j.t.JMeterThread: Thread finished: Thread Group 1-19
2026-05-02 20:20:49,345 INFO o.a.j.t.JMeterThread: Thread is done: Thread Group 1-15
2026-05-02 20:20:49,345 INFO o.a.j.t.JMeterThread: Thread finished: Thread Group 1-15
2026-05-02 20:20:49,347 INFO o.a.j.t.JMeterThread: Thread is done: Thread Group 1-10
2026-05-02 20:20:49,348 INFO o.a.j.t.JMeterThread: Thread finished: Thread Group 1-10
2026-05-02 20:20:50,341 INFO o.a.j.t.JMeterThread: Thread is done: Thread Group 1-21
2026-05-02 20:20:50,342 INFO o.a.j.t.JMeterThread: Thread finished: Thread Group 1-21
2026-05-02 20:20:50,343 INFO o.a.j.t.JMeterThread: Thread is done: Thread Group 1-22
2026-05-02 20:20:50,343 INFO o.a.j.t.JMeterThread: Thread finished: Thread Group 1-22
2026-05-02 20:20:50,346 INFO o.a.j.t.JMeterThread: Thread is done: Thread Group 1-23
2026-05-02 20:20:50,346 INFO o.a.j.t.JMeterThread: Thread finished: Thread Group 1-23
2026-05-02 20:20:50,349 INFO o.a.j.t.JMeterThread: Thread is done: Thread Group 1-24
2026-05-02 20:20:50,349 INFO o.a.j.t.JMeterThread: Thread finished: Thread Group 1-24
2026-05-02 20:20:50,352 INFO o.a.j.t.JMeterThread: Thread is done: Thread Group 1-25
2026-05-02 20:20:50,353 INFO o.a.j.t.JMeterThread: Thread finished: Thread Group 1-25
2026-05-02 20:20:50,355 INFO o.a.j.t.JMeterThread: Thread is done: Thread Group 1-26
2026-05-02 20:20:50,355 INFO o.a.j.t.JMeterThread: Thread finished: Thread Group 1-26
2026-05-02 20:20:50,357 INFO o.a.j.t.JMeterThread: Thread is done: Thread Group 1-27
2026-05-02 20:20:50,358 INFO o.a.j.t.JMeterThread: Thread finished: Thread Group 1-27
2026-05-02 20:20:50,360 INFO o.a.j.t.JMeterThread: Thread is done: Thread Group 1-28
2026-05-02 20:20:50,360 INFO o.a.j.t.JMeterThread: Thread finished: Thread Group 1-28
2026-05-02 20:20:50,362 INFO o.a.j.t.JMeterThread: Thread is done: Thread Group 1-29
2026-05-02 20:20:50,362 INFO o.a.j.t.JMeterThread: Thread finished: Thread Group 1-29
2026-05-02 20:20:50,365 INFO o.a.j.t.JMeterThread: Thread is done: Thread Group 1-30
2026-05-02 20:20:50,365 INFO o.a.j.t.JMeterThread: Thread finished: Thread Group 1-30
2026-05-02 20:20:51,358 INFO o.a.j.t.JMeterThread: Thread is done: Thread Group 1-31
2026-05-02 20:20:51,358 INFO o.a.j.t.JMeterThread: Thread finished: Thread Group 1-31
2026-05-02 20:20:51,360 INFO o.a.j.t.JMeterThread: Thread is done: Thread Group 1-32
2026-05-02 20:20:51,360 INFO o.a.j.t.JMeterThread: Thread finished: Thread Group 1-32
2026-05-02 20:20:51,362 INFO o.a.j.t.JMeterThread: Thread is done: Thread Group 1-33
2026-05-02 20:20:51,363 INFO o.a.j.t.JMeterThread: Thread finished: Thread Group 1-33
2026-05-02 20:20:51,365 INFO o.a.j.t.JMeterThread: Thread is done: Thread Group 1-34
2026-05-02 20:20:51,365 INFO o.a.j.t.JMeterThread: Thread finished: Thread Group 1-34
2026-05-02 20:20:51,368 INFO o.a.j.t.JMeterThread: Thread is done: Thread Group 1-35
2026-05-02 20:20:51,368 INFO o.a.j.t.JMeterThread: Thread finished: Thread Group 1-35
2026-05-02 20:20:51,371 INFO o.a.j.t.JMeterThread: Thread is done: Thread Group 1-36
2026-05-02 20:20:51,371 INFO o.a.j.t.JMeterThread: Thread finished: Thread Group 1-36
2026-05-02 20:20:51,372 INFO o.a.j.t.JMeterThread: Thread is done: Thread Group 1-37
2026-05-02 20:20:51,372 INFO o.a.j.t.JMeterThread: Thread finished: Thread Group 1-37
2026-05-02 20:20:51,374 INFO o.a.j.t.JMeterThread: Thread is done: Thread Group 1-38
2026-05-02 20:20:51,374 INFO o.a.j.t.JMeterThread: Thread finished: Thread Group 1-38
2026-05-02 20:20:51,376 INFO o.a.j.t.JMeterThread: Thread is done: Thread Group 1-39
2026-05-02 20:20:51,376 INFO o.a.j.t.JMeterThread: Thread finished: Thread Group 1-39
2026-05-02 20:20:51,380 INFO o.a.j.t.JMeterThread: Thread is done: Thread Group 1-40
2026-05-02 20:20:51,380 INFO o.a.j.t.JMeterThread: Thread finished: Thread Group 1-40
2026-05-02 20:20:52,373 INFO o.a.j.t.JMeterThread: Thread is done: Thread Group 1-43
2026-05-02 20:20:52,373 INFO o.a.j.t.JMeterThread: Thread finished: Thread Group 1-43
2026-05-02 20:20:52,375 INFO o.a.j.t.JMeterThread: Thread is done: Thread Group 1-41
2026-05-02 20:20:52,375 INFO o.a.j.t.JMeterThread: Thread finished: Thread Group 1-41
2026-05-02 20:20:52,377 INFO o.a.j.t.JMeterThread: Thread is done: Thread Group 1-42
2026-05-02 20:20:52,377 INFO o.a.j.t.JMeterThread: Thread finished: Thread Group 1-42
2026-05-02 20:20:52,379 INFO o.a.j.t.JMeterThread: Thread is done: Thread Group 1-44
2026-05-02 20:20:52,379 INFO o.a.j.t.JMeterThread: Thread finished: Thread Group 1-44
2026-05-02 20:20:52,382 INFO o.a.j.t.JMeterThread: Thread is done: Thread Group 1-45
2026-05-02 20:20:52,382 INFO o.a.j.t.JMeterThread: Thread finished: Thread Group 1-45
2026-05-02 20:20:52,385 INFO o.a.j.t.JMeterThread: Thread is done: Thread Group 1-46
2026-05-02 20:20:52,385 INFO o.a.j.t.JMeterThread: Thread finished: Thread Group 1-46
2026-05-02 20:20:52,387 INFO o.a.j.t.JMeterThread: Thread is done: Thread Group 1-47
2026-05-02 20:20:52,387 INFO o.a.j.t.JMeterThread: Thread finished: Thread Group 1-47
2026-05-02 20:20:52,388 INFO o.a.j.t.JMeterThread: Thread is done: Thread Group 1-48
2026-05-02 20:20:52,388 INFO o.a.j.t.JMeterThread: Thread finished: Thread Group 1-48
2026-05-02 20:20:52,391 INFO o.a.j.t.JMeterThread: Thread is done: Thread Group 1-49
2026-05-02 20:20:52,391 INFO o.a.j.t.JMeterThread: Thread finished: Thread Group 1-49
2026-05-02 20:20:52,393 INFO o.a.j.t.JMeterThread: Thread is done: Thread Group 1-50
2026-05-02 20:20:52,393 INFO o.a.j.t.JMeterThread: Thread finished: Thread Group 1-50
2026-05-02 20:20:53,390 INFO o.a.j.t.JMeterThread: Thread is done: Thread Group 1-51
2026-05-02 20:20:53,390 INFO o.a.j.t.JMeterThread: Thread finished: Thread Group 1-51
2026-05-02 20:20:53,391 INFO o.a.j.t.JMeterThread: Thread is done: Thread Group 1-52
2026-05-02 20:20:53,391 INFO o.a.j.t.JMeterThread: Thread finished: Thread Group 1-52
2026-05-02 20:20:53,393 INFO o.a.j.t.JMeterThread: Thread is done: Thread Group 1-53
2026-05-02 20:20:53,393 INFO o.a.j.t.JMeterThread: Thread finished: Thread Group 1-53
2026-05-02 20:20:53,395 INFO o.a.j.t.JMeterThread: Thread is done: Thread Group 1-54
2026-05-02 20:20:53,396 INFO o.a.j.t.JMeterThread: Thread finished: Thread Group 1-54
2026-05-02 20:20:53,397 INFO o.a.j.t.JMeterThread: Thread is done: Thread Group 1-55
2026-05-02 20:20:53,397 INFO o.a.j.t.JMeterThread: Thread finished: Thread Group 1-55
2026-05-02 20:20:53,399 INFO o.a.j.t.JMeterThread: Thread is done: Thread Group 1-56
2026-05-02 20:20:53,400 INFO o.a.j.t.JMeterThread: Thread finished: Thread Group 1-56
2026-05-02 20:20:53,401 INFO o.a.j.t.JMeterThread: Thread is done: Thread Group 1-57
2026-05-02 20:20:53,401 INFO o.a.j.t.JMeterThread: Thread finished: Thread Group 1-57
2026-05-02 20:20:53,403 INFO o.a.j.t.JMeterThread: Thread is done: Thread Group 1-58
2026-05-02 20:20:53,404 INFO o.a.j.t.JMeterThread: Thread finished: Thread Group 1-58
2026-05-02 20:20:53,405 INFO o.a.j.t.JMeterThread: Thread is done: Thread Group 1-59
2026-05-02 20:20:53,405 INFO o.a.j.t.JMeterThread: Thread finished: Thread Group 1-59
2026-05-02 20:20:53,407 INFO o.a.j.t.JMeterThread: Thread is done: Thread Group 1-60
2026-05-02 20:20:53,407 INFO o.a.j.t.JMeterThread: Thread finished: Thread Group 1-60
2026-05-02 20:20:54,405 INFO o.a.j.t.JMeterThread: Thread is done: Thread Group 1-61
2026-05-02 20:20:54,405 INFO o.a.j.t.JMeterThread: Thread finished: Thread Group 1-61
2026-05-02 20:20:54,406 INFO o.a.j.t.JMeterThread: Thread is done: Thread Group 1-62
2026-05-02 20:20:54,407 INFO o.a.j.t.JMeterThread: Thread finished: Thread Group 1-62
2026-05-02 20:20:54,408 INFO o.a.j.t.JMeterThread: Thread is done: Thread Group 1-63
2026-05-02 20:20:54,408 INFO o.a.j.t.JMeterThread: Thread finished: Thread Group 1-63
2026-05-02 20:20:54,410 INFO o.a.j.t.JMeterThread: Thread is done: Thread Group 1-64
2026-05-02 20:20:54,410 INFO o.a.j.t.JMeterThread: Thread finished: Thread Group 1-64
2026-05-02 20:20:54,412 INFO o.a.j.t.JMeterThread: Thread is done: Thread Group 1-66
2026-05-02 20:20:54,412 INFO o.a.j.t.JMeterThread: Thread finished: Thread Group 1-66
2026-05-02 20:20:54,413 INFO o.a.j.t.JMeterThread: Thread is done: Thread Group 1-65
2026-05-02 20:20:54,414 INFO o.a.j.t.JMeterThread: Thread finished: Thread Group 1-65
2026-05-02 20:20:54,415 INFO o.a.j.t.JMeterThread: Thread is done: Thread Group 1-67
2026-05-02 20:20:54,415 INFO o.a.j.t.JMeterThread: Thread finished: Thread Group 1-67
2026-05-02 20:20:54,417 INFO o.a.j.t.JMeterThread: Thread is done: Thread Group 1-68
2026-05-02 20:20:54,417 INFO o.a.j.t.JMeterThread: Thread finished: Thread Group 1-68
2026-05-02 20:20:54,420 INFO o.a.j.t.JMeterThread: Thread is done: Thread Group 1-69
2026-05-02 20:20:54,420 INFO o.a.j.t.JMeterThread: Thread finished: Thread Group 1-69
2026-05-02 20:20:54,422 INFO o.a.j.t.JMeterThread: Thread is done: Thread Group 1-70
2026-05-02 20:20:54,422 INFO o.a.j.t.JMeterThread: Thread finished: Thread Group 1-70
2026-05-02 20:20:55,419 INFO o.a.j.t.JMeterThread: Thread is done: Thread Group 1-71
2026-05-02 20:20:55,419 INFO o.a.j.t.JMeterThread: Thread finished: Thread Group 1-71
2026-05-02 20:20:55,420 INFO o.a.j.t.JMeterThread: Thread is done: Thread Group 1-72
2026-05-02 20:20:55,420 INFO o.a.j.t.JMeterThread: Thread finished: Thread Group 1-72
2026-05-02 20:20:55,422 INFO o.a.j.t.JMeterThread: Thread is done: Thread Group 1-74
2026-05-02 20:20:55,422 INFO o.a.j.t.JMeterThread: Thread finished: Thread Group 1-74
2026-05-02 20:20:55,424 INFO o.a.j.t.JMeterThread: Thread is done: Thread Group 1-75
2026-05-02 20:20:55,424 INFO o.a.j.t.JMeterThread: Thread finished: Thread Group 1-75
2026-05-02 20:20:55,426 INFO o.a.j.t.JMeterThread: Thread is done: Thread Group 1-73
2026-05-02 20:20:55,426 INFO o.a.j.t.JMeterThread: Thread finished: Thread Group 1-73
2026-05-02 20:20:55,428 INFO o.a.j.t.JMeterThread: Thread is done: Thread Group 1-77
2026-05-02 20:20:55,428 INFO o.a.j.t.JMeterThread: Thread finished: Thread Group 1-77
2026-05-02 20:20:55,430 INFO o.a.j.t.JMeterThread: Thread is done: Thread Group 1-76
2026-05-02 20:20:55,430 INFO o.a.j.t.JMeterThread: Thread finished: Thread Group 1-76
2026-05-02 20:20:55,431 INFO o.a.j.t.JMeterThread: Thread is done: Thread Group 1-78
2026-05-02 20:20:55,432 INFO o.a.j.t.JMeterThread: Thread finished: Thread Group 1-78
2026-05-02 20:20:55,434 INFO o.a.j.t.JMeterThread: Thread is done: Thread Group 1-79
2026-05-02 20:20:55,434 INFO o.a.j.t.JMeterThread: Thread finished: Thread Group 1-79
2026-05-02 20:20:55,436 INFO o.a.j.t.JMeterThread: Thread is done: Thread Group 1-80
2026-05-02 20:20:55,436 INFO o.a.j.t.JMeterThread: Thread finished: Thread Group 1-80
2026-05-02 20:20:56,434 INFO o.a.j.t.JMeterThread: Thread is done: Thread Group 1-81
2026-05-02 20:20:56,434 INFO o.a.j.t.JMeterThread: Thread finished: Thread Group 1-81
2026-05-02 20:20:56,435 INFO o.a.j.t.JMeterThread: Thread is done: Thread Group 1-82
2026-05-02 20:20:56,435 INFO o.a.j.t.JMeterThread: Thread finished: Thread Group 1-82
2026-05-02 20:20:56,437 INFO o.a.j.t.JMeterThread: Thread is done: Thread Group 1-83
2026-05-02 20:20:56,437 INFO o.a.j.t.JMeterThread: Thread finished: Thread Group 1-83
2026-05-02 20:20:56,439 INFO o.a.j.t.JMeterThread: Thread is done: Thread Group 1-84
2026-05-02 20:20:56,439 INFO o.a.j.t.JMeterThread: Thread finished: Thread Group 1-84
2026-05-02 20:20:56,441 INFO o.a.j.t.JMeterThread: Thread is done: Thread Group 1-85
2026-05-02 20:20:56,441 INFO o.a.j.t.JMeterThread: Thread finished: Thread Group 1-85
2026-05-02 20:20:56,442 INFO o.a.j.t.JMeterThread: Thread is done: Thread Group 1-86
2026-05-02 20:20:56,442 INFO o.a.j.t.JMeterThread: Thread finished: Thread Group 1-86
2026-05-02 20:20:56,444 INFO o.a.j.t.JMeterThread: Thread is done: Thread Group 1-87
2026-05-02 20:20:56,444 INFO o.a.j.t.JMeterThread: Thread finished: Thread Group 1-87
2026-05-02 20:20:56,446 INFO o.a.j.t.JMeterThread: Thread is done: Thread Group 1-88
2026-05-02 20:20:56,446 INFO o.a.j.t.JMeterThread: Thread finished: Thread Group 1-88
2026-05-02 20:20:56,448 INFO o.a.j.t.JMeterThread: Thread is done: Thread Group 1-89
2026-05-02 20:20:56,448 INFO o.a.j.t.JMeterThread: Thread finished: Thread Group 1-89
2026-05-02 20:20:56,450 INFO o.a.j.t.JMeterThread: Thread is done: Thread Group 1-90
2026-05-02 20:20:56,450 INFO o.a.j.t.JMeterThread: Thread finished: Thread Group 1-90
2026-05-02 20:20:57,449 INFO o.a.j.t.JMeterThread: Thread is done: Thread Group 1-91
2026-05-02 20:20:57,449 INFO o.a.j.t.JMeterThread: Thread finished: Thread Group 1-91
2026-05-02 20:20:57,450 INFO o.a.j.t.JMeterThread: Thread is done: Thread Group 1-92
2026-05-02 20:20:57,450 INFO o.a.j.t.JMeterThread: Thread finished: Thread Group 1-92
2026-05-02 20:20:57,452 INFO o.a.j.t.JMeterThread: Thread is done: Thread Group 1-94
2026-05-02 20:20:57,452 INFO o.a.j.t.JMeterThread: Thread finished: Thread Group 1-94
2026-05-02 20:20:57,454 INFO o.a.j.t.JMeterThread: Thread is done: Thread Group 1-93
2026-05-02 20:20:57,454 INFO o.a.j.t.JMeterThread: Thread finished: Thread Group 1-93
2026-05-02 20:20:57,456 INFO o.a.j.t.JMeterThread: Thread is done: Thread Group 1-95
2026-05-02 20:20:57,456 INFO o.a.j.t.JMeterThread: Thread finished: Thread Group 1-95
2026-05-02 20:20:57,459 INFO o.a.j.t.JMeterThread: Thread is done: Thread Group 1-96
2026-05-02 20:20:57,459 INFO o.a.j.t.JMeterThread: Thread finished: Thread Group 1-96
2026-05-02 20:20:57,460 INFO o.a.j.t.JMeterThread: Thread is done: Thread Group 1-97
2026-05-02 20:20:57,460 INFO o.a.j.t.JMeterThread: Thread finished: Thread Group 1-97
2026-05-02 20:20:57,461 INFO o.a.j.t.JMeterThread: Thread is done: Thread Group 1-99
2026-05-02 20:20:57,461 INFO o.a.j.t.JMeterThread: Thread finished: Thread Group 1-99
2026-05-02 20:20:57,463 INFO o.a.j.t.JMeterThread: Thread is done: Thread Group 1-98
2026-05-02 20:20:57,463 INFO o.a.j.t.JMeterThread: Thread finished: Thread Group 1-98
2026-05-02 20:20:57,465 INFO o.a.j.t.JMeterThread: Thread is done: Thread Group 1-100
2026-05-02 20:20:57,465 INFO o.a.j.t.JMeterThread: Thread finished: Thread Group 1-100
2026-05-02 20:20:57,465 INFO o.a.j.e.StandardJMeterEngine: Notifying test listeners of end of test
2026-05-02 20:20:57,465 INFO o.a.j.g.u.JMeterMenuBar: setRunning(false, *local*)
